   1              		.syntax unified
   2              		.cpu cortex-m4
   3              		.eabi_attribute 27, 3	@ Tag_ABI_HardFP_use
   4              		.eabi_attribute 28, 1	@ Tag_ABI_VFP_args
   5              		.fpu vfp
   6              		.eabi_attribute 20, 1	@ Tag_ABI_FP_denormal
   7              		.eabi_attribute 21, 1	@ Tag_ABI_FP_exceptions
   8              		.eabi_attribute 23, 3	@ Tag_ABI_FP_number_model
   9              		.eabi_attribute 24, 1	@ Tag_ABI_align8_needed
  10              		.eabi_attribute 25, 1	@ Tag_ABI_align8_preserved
  11              		.eabi_attribute 26, 1	@ Tag_ABI_enum_size
  12              		.eabi_attribute 30, 6	@ Tag_ABI_optimization_goals
  13              		.eabi_attribute 34, 1	@ Tag_CPU_unaligned_access
  14              		.eabi_attribute 18, 4	@ Tag_ABI_PCS_wchar_t
  15              		.file	"stm32f4xx_syscfg.c"
  16              	@ GNU C (Sourcery CodeBench Lite 2014.05-28) version 4.8.3 20140320 (prerelease) (arm-none-eabi)
  17              	@	compiled by GNU C version 4.7.2, GMP version 5.0.5, MPFR version 3.1.1-p2, MPC version 1.0.1
  18              	@ GGC heuristics: --param ggc-min-expand=100 --param ggc-min-heapsize=131072
  19              	@ options passed: 
  20              	@ -I /home/preetham/work/projects/stm32f4-discovery-bare-metal/hello_world
  21              	@ -I /home/preetham/work/projects/stm32f4-discovery-bare-metal/hello_world/src
  22              	@ -I /home/preetham/work/projects/stm32f4-discovery-bare-metal/hello_world/project
  23              	@ -I /home/preetham/work/projects/stm32f4-discovery-bare-metal/hello_world/cmsis/core
  24              	@ -I /home/preetham/work/projects/stm32f4-discovery-bare-metal/hello_world/cmsis/device
  25              	@ -imultilib thumb2
  26              	@ -iprefix /opt/toolchains/eabi/arm-2014.05/bin/../lib/gcc/arm-none-eabi/4.8.3/
  27              	@ -isysroot /opt/toolchains/eabi/arm-2014.05/bin/../arm-none-eabi
  28              	@ -MMD /home/preetham/work/projects/stm32f4-discovery-bare-metal/hello_world/build/stm32f4xx_syscfg
  29              	@ -MF /home/preetham/work/projects/stm32f4-discovery-bare-metal/hello_world/build/.dep/stm32f4xx_sy
  30              	@ -MP
  31              	@ -MQ /home/preetham/work/projects/stm32f4-discovery-bare-metal/hello_world/build/stm32f4xx_syscfg.
  32              	@ -D__USES_INITFINI__ -D USE_STDPERIPH_DRIVER -D STM32F4XX
  33              	@ -D __CS_SOURCERYGXX_MAJ__=2014 -D __CS_SOURCERYGXX_MIN__=5
  34              	@ -D __CS_SOURCERYGXX_REV__=28
  35              	@ /home/preetham/work/projects/stm32f4-discovery-bare-metal/hello_world/cmsis/device/stm32f4xx_sysc
  36              	@ -mcpu=cortex-m4 -mtune=cortex-m4 -mfloat-abi=hard -mthumb -mapcs-frame
  37              	@ -auxbase-strip /home/preetham/work/projects/stm32f4-discovery-bare-metal/hello_world/build/stm32f
  38              	@ -g -O0 -Wall -Wstrict-prototypes -fverbose-asm
  39              	@ options enabled:  -faggressive-loop-optimizations -fauto-inc-dec
  40              	@ -fbranch-count-reg -fcommon -fdelete-null-pointer-checks -fdwarf2-cfi-asm
  41              	@ -fearly-inlining -feliminate-unused-debug-types -ffunction-cse -fgcse-lm
  42              	@ -fgnu-runtime -fident -finline-atomics -fira-hoist-pressure
  43              	@ -fira-share-save-slots -fira-share-spill-slots -fivopts
  44              	@ -fkeep-static-consts -fleading-underscore -fmath-errno
  45              	@ -fmerge-debug-strings -fmove-loop-invariants -fpeephole
  46              	@ -fprefetch-loop-arrays -freg-struct-return
  47              	@ -fsched-critical-path-heuristic -fsched-dep-count-heuristic
  48              	@ -fsched-group-heuristic -fsched-interblock -fsched-last-insn-heuristic
  49              	@ -fsched-rank-heuristic -fsched-spec -fsched-spec-insn-heuristic
  50              	@ -fsched-stalled-insns-dep -fshow-column -fsigned-zeros
  51              	@ -fsplit-ivs-in-unroller -fstrict-volatile-bitfields -fsync-libcalls
  52              	@ -ftrapping-math -ftree-coalesce-vars -ftree-cselim -ftree-forwprop
  53              	@ -ftree-loop-if-convert -ftree-loop-im -ftree-loop-ivcanon
  54              	@ -ftree-loop-optimize -ftree-parallelize-loops= -ftree-phiprop -ftree-pta
  55              	@ -ftree-reassoc -ftree-scev-cprop -ftree-slp-vectorize
  56              	@ -ftree-vect-loop-version -funit-at-a-time -fverbose-asm
  57              	@ -fzero-initialized-in-bss -mlittle-endian -msched-prolog -mthumb
  58              	@ -munaligned-access -mvectorize-with-neon-quad
  59              	
  60              		.text
  61              	.Ltext0:
  62              		.cfi_sections	.debug_frame
  63              		.align	2
  64              		.global	SYSCFG_DeInit
  65              		.thumb
  66              		.thumb_func
  68              	SYSCFG_DeInit:
  69              	.LFB110:
  70              		.file 1 "/home/preetham/work/projects/stm32f4-discovery-bare-metal/hello_world/cmsis/device/stm32f
   1:/home/preetham/work/projects/stm32f4-discovery-bare-metal/hello_world/cmsis/device/stm32f4xx_syscfg.c **** /**
   2:/home/preetham/work/projects/stm32f4-discovery-bare-metal/hello_world/cmsis/device/stm32f4xx_syscfg.c ****   ******************************************************************************
   3:/home/preetham/work/projects/stm32f4-discovery-bare-metal/hello_world/cmsis/device/stm32f4xx_syscfg.c ****   * @file    stm32f4xx_syscfg.c
   4:/home/preetham/work/projects/stm32f4-discovery-bare-metal/hello_world/cmsis/device/stm32f4xx_syscfg.c ****   * @author  MCD Application Team
   5:/home/preetham/work/projects/stm32f4-discovery-bare-metal/hello_world/cmsis/device/stm32f4xx_syscfg.c ****   * @version V1.0.0
   6:/home/preetham/work/projects/stm32f4-discovery-bare-metal/hello_world/cmsis/device/stm32f4xx_syscfg.c ****   * @date    30-September-2011
   7:/home/preetham/work/projects/stm32f4-discovery-bare-metal/hello_world/cmsis/device/stm32f4xx_syscfg.c ****   * @brief   This file provides firmware functions to manage the SYSCFG peripheral.
   8:/home/preetham/work/projects/stm32f4-discovery-bare-metal/hello_world/cmsis/device/stm32f4xx_syscfg.c ****   *
   9:/home/preetham/work/projects/stm32f4-discovery-bare-metal/hello_world/cmsis/device/stm32f4xx_syscfg.c ****   *  @verbatim
  10:/home/preetham/work/projects/stm32f4-discovery-bare-metal/hello_world/cmsis/device/stm32f4xx_syscfg.c ****   *  
  11:/home/preetham/work/projects/stm32f4-discovery-bare-metal/hello_world/cmsis/device/stm32f4xx_syscfg.c ****   *          ===================================================================
  12:/home/preetham/work/projects/stm32f4-discovery-bare-metal/hello_world/cmsis/device/stm32f4xx_syscfg.c ****   *                                 How to use this driver
  13:/home/preetham/work/projects/stm32f4-discovery-bare-metal/hello_world/cmsis/device/stm32f4xx_syscfg.c ****   *          ===================================================================
  14:/home/preetham/work/projects/stm32f4-discovery-bare-metal/hello_world/cmsis/device/stm32f4xx_syscfg.c ****   *                  
  15:/home/preetham/work/projects/stm32f4-discovery-bare-metal/hello_world/cmsis/device/stm32f4xx_syscfg.c ****   *          This driver provides functions for:
  16:/home/preetham/work/projects/stm32f4-discovery-bare-metal/hello_world/cmsis/device/stm32f4xx_syscfg.c ****   *          
  17:/home/preetham/work/projects/stm32f4-discovery-bare-metal/hello_world/cmsis/device/stm32f4xx_syscfg.c ****   *          1. Remapping the memory accessible in the code area using SYSCFG_MemoryRemapConfig()
  18:/home/preetham/work/projects/stm32f4-discovery-bare-metal/hello_world/cmsis/device/stm32f4xx_syscfg.c ****   *              
  19:/home/preetham/work/projects/stm32f4-discovery-bare-metal/hello_world/cmsis/device/stm32f4xx_syscfg.c ****   *          2. Manage the EXTI lines connection to the GPIOs using SYSCFG_EXTILineConfig()
  20:/home/preetham/work/projects/stm32f4-discovery-bare-metal/hello_world/cmsis/device/stm32f4xx_syscfg.c ****   *            
  21:/home/preetham/work/projects/stm32f4-discovery-bare-metal/hello_world/cmsis/device/stm32f4xx_syscfg.c ****   *          3. Select the ETHERNET media interface (RMII/RII) using SYSCFG_ETH_MediaInterfaceConfi
  22:/home/preetham/work/projects/stm32f4-discovery-bare-metal/hello_world/cmsis/device/stm32f4xx_syscfg.c ****   *
  23:/home/preetham/work/projects/stm32f4-discovery-bare-metal/hello_world/cmsis/device/stm32f4xx_syscfg.c ****   *  @note  SYSCFG APB clock must be enabled to get write access to SYSCFG registers,
  24:/home/preetham/work/projects/stm32f4-discovery-bare-metal/hello_world/cmsis/device/stm32f4xx_syscfg.c ****   *         using RCC_APB2PeriphClockCmd(RCC_APB2Periph_SYSCFG, ENABLE);
  25:/home/preetham/work/projects/stm32f4-discovery-bare-metal/hello_world/cmsis/device/stm32f4xx_syscfg.c ****   *                 
  26:/home/preetham/work/projects/stm32f4-discovery-bare-metal/hello_world/cmsis/device/stm32f4xx_syscfg.c ****   *  @endverbatim
  27:/home/preetham/work/projects/stm32f4-discovery-bare-metal/hello_world/cmsis/device/stm32f4xx_syscfg.c ****   *      
  28:/home/preetham/work/projects/stm32f4-discovery-bare-metal/hello_world/cmsis/device/stm32f4xx_syscfg.c ****   ******************************************************************************
  29:/home/preetham/work/projects/stm32f4-discovery-bare-metal/hello_world/cmsis/device/stm32f4xx_syscfg.c ****   * @attention
  30:/home/preetham/work/projects/stm32f4-discovery-bare-metal/hello_world/cmsis/device/stm32f4xx_syscfg.c ****   *
  31:/home/preetham/work/projects/stm32f4-discovery-bare-metal/hello_world/cmsis/device/stm32f4xx_syscfg.c ****   * THE PRESENT FIRMWARE WHICH IS FOR GUIDANCE ONLY AIMS AT PROVIDING CUSTOMERS
  32:/home/preetham/work/projects/stm32f4-discovery-bare-metal/hello_world/cmsis/device/stm32f4xx_syscfg.c ****   * WITH CODING INFORMATION REGARDING THEIR PRODUCTS IN ORDER FOR THEM TO SAVE
  33:/home/preetham/work/projects/stm32f4-discovery-bare-metal/hello_world/cmsis/device/stm32f4xx_syscfg.c ****   * TIME. AS A RESULT, STMICROELECTRONICS SHALL NOT BE HELD LIABLE FOR ANY
  34:/home/preetham/work/projects/stm32f4-discovery-bare-metal/hello_world/cmsis/device/stm32f4xx_syscfg.c ****   * DIRECT, INDIRECT OR CONSEQUENTIAL DAMAGES WITH RESPECT TO ANY CLAIMS ARISING
  35:/home/preetham/work/projects/stm32f4-discovery-bare-metal/hello_world/cmsis/device/stm32f4xx_syscfg.c ****   * FROM THE CONTENT OF SUCH FIRMWARE AND/OR THE USE MADE BY CUSTOMERS OF THE
  36:/home/preetham/work/projects/stm32f4-discovery-bare-metal/hello_world/cmsis/device/stm32f4xx_syscfg.c ****   * CODING INFORMATION CONTAINED HEREIN IN CONNECTION WITH THEIR PRODUCTS.
  37:/home/preetham/work/projects/stm32f4-discovery-bare-metal/hello_world/cmsis/device/stm32f4xx_syscfg.c ****   *
  38:/home/preetham/work/projects/stm32f4-discovery-bare-metal/hello_world/cmsis/device/stm32f4xx_syscfg.c ****   * <h2><center>&copy; COPYRIGHT 2011 STMicroelectronics</center></h2>
  39:/home/preetham/work/projects/stm32f4-discovery-bare-metal/hello_world/cmsis/device/stm32f4xx_syscfg.c ****   ******************************************************************************
  40:/home/preetham/work/projects/stm32f4-discovery-bare-metal/hello_world/cmsis/device/stm32f4xx_syscfg.c ****   */
  41:/home/preetham/work/projects/stm32f4-discovery-bare-metal/hello_world/cmsis/device/stm32f4xx_syscfg.c **** 
  42:/home/preetham/work/projects/stm32f4-discovery-bare-metal/hello_world/cmsis/device/stm32f4xx_syscfg.c **** /* Includes ------------------------------------------------------------------*/
  43:/home/preetham/work/projects/stm32f4-discovery-bare-metal/hello_world/cmsis/device/stm32f4xx_syscfg.c **** #include "stm32f4xx_syscfg.h"
  44:/home/preetham/work/projects/stm32f4-discovery-bare-metal/hello_world/cmsis/device/stm32f4xx_syscfg.c **** #include "stm32f4xx_rcc.h"
  45:/home/preetham/work/projects/stm32f4-discovery-bare-metal/hello_world/cmsis/device/stm32f4xx_syscfg.c **** 
  46:/home/preetham/work/projects/stm32f4-discovery-bare-metal/hello_world/cmsis/device/stm32f4xx_syscfg.c **** /** @addtogroup STM32F4xx_StdPeriph_Driver
  47:/home/preetham/work/projects/stm32f4-discovery-bare-metal/hello_world/cmsis/device/stm32f4xx_syscfg.c ****   * @{
  48:/home/preetham/work/projects/stm32f4-discovery-bare-metal/hello_world/cmsis/device/stm32f4xx_syscfg.c ****   */
  49:/home/preetham/work/projects/stm32f4-discovery-bare-metal/hello_world/cmsis/device/stm32f4xx_syscfg.c **** 
  50:/home/preetham/work/projects/stm32f4-discovery-bare-metal/hello_world/cmsis/device/stm32f4xx_syscfg.c **** /** @defgroup SYSCFG 
  51:/home/preetham/work/projects/stm32f4-discovery-bare-metal/hello_world/cmsis/device/stm32f4xx_syscfg.c ****   * @brief SYSCFG driver modules
  52:/home/preetham/work/projects/stm32f4-discovery-bare-metal/hello_world/cmsis/device/stm32f4xx_syscfg.c ****   * @{
  53:/home/preetham/work/projects/stm32f4-discovery-bare-metal/hello_world/cmsis/device/stm32f4xx_syscfg.c ****   */ 
  54:/home/preetham/work/projects/stm32f4-discovery-bare-metal/hello_world/cmsis/device/stm32f4xx_syscfg.c **** 
  55:/home/preetham/work/projects/stm32f4-discovery-bare-metal/hello_world/cmsis/device/stm32f4xx_syscfg.c **** /* Private typedef -----------------------------------------------------------*/
  56:/home/preetham/work/projects/stm32f4-discovery-bare-metal/hello_world/cmsis/device/stm32f4xx_syscfg.c **** /* Private define ------------------------------------------------------------*/
  57:/home/preetham/work/projects/stm32f4-discovery-bare-metal/hello_world/cmsis/device/stm32f4xx_syscfg.c **** /* ------------ RCC registers bit address in the alias region ----------- */
  58:/home/preetham/work/projects/stm32f4-discovery-bare-metal/hello_world/cmsis/device/stm32f4xx_syscfg.c **** #define SYSCFG_OFFSET             (SYSCFG_BASE - PERIPH_BASE)
  59:/home/preetham/work/projects/stm32f4-discovery-bare-metal/hello_world/cmsis/device/stm32f4xx_syscfg.c **** /* ---  PMC Register ---*/ 
  60:/home/preetham/work/projects/stm32f4-discovery-bare-metal/hello_world/cmsis/device/stm32f4xx_syscfg.c **** /* Alias word address of MII_RMII_SEL bit */ 
  61:/home/preetham/work/projects/stm32f4-discovery-bare-metal/hello_world/cmsis/device/stm32f4xx_syscfg.c **** #define PMC_OFFSET                (SYSCFG_OFFSET + 0x04) 
  62:/home/preetham/work/projects/stm32f4-discovery-bare-metal/hello_world/cmsis/device/stm32f4xx_syscfg.c **** #define MII_RMII_SEL_BitNumber    ((uint8_t)0x17) 
  63:/home/preetham/work/projects/stm32f4-discovery-bare-metal/hello_world/cmsis/device/stm32f4xx_syscfg.c **** #define PMC_MII_RMII_SEL_BB       (PERIPH_BB_BASE + (PMC_OFFSET * 32) + (MII_RMII_SEL_BitNumber * 4
  64:/home/preetham/work/projects/stm32f4-discovery-bare-metal/hello_world/cmsis/device/stm32f4xx_syscfg.c **** 
  65:/home/preetham/work/projects/stm32f4-discovery-bare-metal/hello_world/cmsis/device/stm32f4xx_syscfg.c **** /* ---  CMPCR Register ---*/ 
  66:/home/preetham/work/projects/stm32f4-discovery-bare-metal/hello_world/cmsis/device/stm32f4xx_syscfg.c **** /* Alias word address of CMP_PD bit */ 
  67:/home/preetham/work/projects/stm32f4-discovery-bare-metal/hello_world/cmsis/device/stm32f4xx_syscfg.c **** #define CMPCR_OFFSET              (SYSCFG_OFFSET + 0x20) 
  68:/home/preetham/work/projects/stm32f4-discovery-bare-metal/hello_world/cmsis/device/stm32f4xx_syscfg.c **** #define CMP_PD_BitNumber          ((uint8_t)0x00) 
  69:/home/preetham/work/projects/stm32f4-discovery-bare-metal/hello_world/cmsis/device/stm32f4xx_syscfg.c **** #define CMPCR_CMP_PD_BB           (PERIPH_BB_BASE + (CMPCR_OFFSET * 32) + (CMP_PD_BitNumber * 4)) 
  70:/home/preetham/work/projects/stm32f4-discovery-bare-metal/hello_world/cmsis/device/stm32f4xx_syscfg.c **** 
  71:/home/preetham/work/projects/stm32f4-discovery-bare-metal/hello_world/cmsis/device/stm32f4xx_syscfg.c **** /* Private macro -------------------------------------------------------------*/
  72:/home/preetham/work/projects/stm32f4-discovery-bare-metal/hello_world/cmsis/device/stm32f4xx_syscfg.c **** /* Private variables ---------------------------------------------------------*/
  73:/home/preetham/work/projects/stm32f4-discovery-bare-metal/hello_world/cmsis/device/stm32f4xx_syscfg.c **** /* Private function prototypes -----------------------------------------------*/
  74:/home/preetham/work/projects/stm32f4-discovery-bare-metal/hello_world/cmsis/device/stm32f4xx_syscfg.c **** /* Private functions ---------------------------------------------------------*/
  75:/home/preetham/work/projects/stm32f4-discovery-bare-metal/hello_world/cmsis/device/stm32f4xx_syscfg.c **** 
  76:/home/preetham/work/projects/stm32f4-discovery-bare-metal/hello_world/cmsis/device/stm32f4xx_syscfg.c **** /** @defgroup SYSCFG_Private_Functions
  77:/home/preetham/work/projects/stm32f4-discovery-bare-metal/hello_world/cmsis/device/stm32f4xx_syscfg.c ****   * @{
  78:/home/preetham/work/projects/stm32f4-discovery-bare-metal/hello_world/cmsis/device/stm32f4xx_syscfg.c ****   */ 
  79:/home/preetham/work/projects/stm32f4-discovery-bare-metal/hello_world/cmsis/device/stm32f4xx_syscfg.c **** 
  80:/home/preetham/work/projects/stm32f4-discovery-bare-metal/hello_world/cmsis/device/stm32f4xx_syscfg.c **** /**
  81:/home/preetham/work/projects/stm32f4-discovery-bare-metal/hello_world/cmsis/device/stm32f4xx_syscfg.c ****   * @brief  Deinitializes the Alternate Functions (remap and EXTI configuration)
  82:/home/preetham/work/projects/stm32f4-discovery-bare-metal/hello_world/cmsis/device/stm32f4xx_syscfg.c ****   *   registers to their default reset values.
  83:/home/preetham/work/projects/stm32f4-discovery-bare-metal/hello_world/cmsis/device/stm32f4xx_syscfg.c ****   * @param  None
  84:/home/preetham/work/projects/stm32f4-discovery-bare-metal/hello_world/cmsis/device/stm32f4xx_syscfg.c ****   * @retval None
  85:/home/preetham/work/projects/stm32f4-discovery-bare-metal/hello_world/cmsis/device/stm32f4xx_syscfg.c ****   */
  86:/home/preetham/work/projects/stm32f4-discovery-bare-metal/hello_world/cmsis/device/stm32f4xx_syscfg.c **** void SYSCFG_DeInit(void)
  87:/home/preetham/work/projects/stm32f4-discovery-bare-metal/hello_world/cmsis/device/stm32f4xx_syscfg.c **** {
  71              		.loc 1 87 0
  72              		.cfi_startproc
  73              		@ args = 0, pretend = 0, frame = 0
  74              		@ frame_needed = 1, uses_anonymous_args = 0
  75 0000 80B5     		push	{r7, lr}	@
  76              		.cfi_def_cfa_offset 8
  77              		.cfi_offset 7, -8
  78              		.cfi_offset 14, -4
  79 0002 00AF     		add	r7, sp, #0	@,,
  80              		.cfi_def_cfa_register 7
  88:/home/preetham/work/projects/stm32f4-discovery-bare-metal/hello_world/cmsis/device/stm32f4xx_syscfg.c ****    RCC_APB2PeriphResetCmd(RCC_APB2Periph_SYSCFG, ENABLE);
  81              		.loc 1 88 0
  82 0004 4FF48040 		mov	r0, #16384	@,
  83 0008 0121     		movs	r1, #1	@,
  84 000a FFF7FEFF 		bl	RCC_APB2PeriphResetCmd	@
  89:/home/preetham/work/projects/stm32f4-discovery-bare-metal/hello_world/cmsis/device/stm32f4xx_syscfg.c ****    RCC_APB2PeriphResetCmd(RCC_APB2Periph_SYSCFG, DISABLE);
  85              		.loc 1 89 0
  86 000e 4FF48040 		mov	r0, #16384	@,
  87 0012 0021     		movs	r1, #0	@,
  88 0014 FFF7FEFF 		bl	RCC_APB2PeriphResetCmd	@
  90:/home/preetham/work/projects/stm32f4-discovery-bare-metal/hello_world/cmsis/device/stm32f4xx_syscfg.c **** }
  89              		.loc 1 90 0
  90 0018 80BD     		pop	{r7, pc}	@
  91              		.cfi_endproc
  92              	.LFE110:
  94 001a 00BF     		.align	2
  95              		.global	SYSCFG_MemoryRemapConfig
  96              		.thumb
  97              		.thumb_func
  99              	SYSCFG_MemoryRemapConfig:
 100              	.LFB111:
  91:/home/preetham/work/projects/stm32f4-discovery-bare-metal/hello_world/cmsis/device/stm32f4xx_syscfg.c **** 
  92:/home/preetham/work/projects/stm32f4-discovery-bare-metal/hello_world/cmsis/device/stm32f4xx_syscfg.c **** /**
  93:/home/preetham/work/projects/stm32f4-discovery-bare-metal/hello_world/cmsis/device/stm32f4xx_syscfg.c ****   * @brief  Changes the mapping of the specified pin.
  94:/home/preetham/work/projects/stm32f4-discovery-bare-metal/hello_world/cmsis/device/stm32f4xx_syscfg.c ****   * @param  SYSCFG_Memory: selects the memory remapping.
  95:/home/preetham/work/projects/stm32f4-discovery-bare-metal/hello_world/cmsis/device/stm32f4xx_syscfg.c ****   *         This parameter can be one of the following values:
  96:/home/preetham/work/projects/stm32f4-discovery-bare-metal/hello_world/cmsis/device/stm32f4xx_syscfg.c ****   *            @arg SYSCFG_MemoryRemap_Flash:       Main Flash memory mapped at 0x00000000  
  97:/home/preetham/work/projects/stm32f4-discovery-bare-metal/hello_world/cmsis/device/stm32f4xx_syscfg.c ****   *            @arg SYSCFG_MemoryRemap_SystemFlash: System Flash memory mapped at 0x00000000
  98:/home/preetham/work/projects/stm32f4-discovery-bare-metal/hello_world/cmsis/device/stm32f4xx_syscfg.c ****   *            @arg SYSCFG_MemoryRemap_FSMC:        FSMC (Bank1 (NOR/PSRAM 1 and 2) mapped at 0x000
  99:/home/preetham/work/projects/stm32f4-discovery-bare-metal/hello_world/cmsis/device/stm32f4xx_syscfg.c ****   *            @arg SYSCFG_MemoryRemap_SRAM:        Embedded SRAM (112kB) mapped at 0x00000000
 100:/home/preetham/work/projects/stm32f4-discovery-bare-metal/hello_world/cmsis/device/stm32f4xx_syscfg.c ****   * @retval None
 101:/home/preetham/work/projects/stm32f4-discovery-bare-metal/hello_world/cmsis/device/stm32f4xx_syscfg.c ****   */
 102:/home/preetham/work/projects/stm32f4-discovery-bare-metal/hello_world/cmsis/device/stm32f4xx_syscfg.c **** void SYSCFG_MemoryRemapConfig(uint8_t SYSCFG_MemoryRemap)
 103:/home/preetham/work/projects/stm32f4-discovery-bare-metal/hello_world/cmsis/device/stm32f4xx_syscfg.c **** {
 101              		.loc 1 103 0
 102              		.cfi_startproc
 103              		@ args = 0, pretend = 0, frame = 8
 104              		@ frame_needed = 1, uses_anonymous_args = 0
 105              		@ link register save eliminated.
 106 001c 80B4     		push	{r7}	@
 107              		.cfi_def_cfa_offset 4
 108              		.cfi_offset 7, -4
 109 001e 83B0     		sub	sp, sp, #12	@,,
 110              		.cfi_def_cfa_offset 16
 111 0020 00AF     		add	r7, sp, #0	@,,
 112              		.cfi_def_cfa_register 7
 113 0022 0346     		mov	r3, r0	@ tmp112, SYSCFG_MemoryRemap
 114 0024 FB71     		strb	r3, [r7, #7]	@ tmp113, SYSCFG_MemoryRemap
 104:/home/preetham/work/projects/stm32f4-discovery-bare-metal/hello_world/cmsis/device/stm32f4xx_syscfg.c ****   /* Check the parameters */
 105:/home/preetham/work/projects/stm32f4-discovery-bare-metal/hello_world/cmsis/device/stm32f4xx_syscfg.c ****   assert_param(IS_SYSCFG_MEMORY_REMAP_CONFING(SYSCFG_MemoryRemap));
 106:/home/preetham/work/projects/stm32f4-discovery-bare-metal/hello_world/cmsis/device/stm32f4xx_syscfg.c **** 
 107:/home/preetham/work/projects/stm32f4-discovery-bare-metal/hello_world/cmsis/device/stm32f4xx_syscfg.c ****   SYSCFG->MEMRMP = SYSCFG_MemoryRemap;
 115              		.loc 1 107 0
 116 0026 4FF46053 		mov	r3, #14336	@ D.7362,
 117 002a C4F20103 		movt	r3, 16385	@ D.7362,
 118 002e FA79     		ldrb	r2, [r7, #7]	@ zero_extendqisi2	@ D.7363, SYSCFG_MemoryRemap
 119 0030 1A60     		str	r2, [r3]	@ D.7363, _1->MEMRMP
 108:/home/preetham/work/projects/stm32f4-discovery-bare-metal/hello_world/cmsis/device/stm32f4xx_syscfg.c **** }
 120              		.loc 1 108 0
 121 0032 0C37     		adds	r7, r7, #12	@,,
 122 0034 BD46     		mov	sp, r7	@,
 123              		@ sp needed	@
 124 0036 5DF8047B 		ldr	r7, [sp], #4	@,
 125 003a 7047     		bx	lr	@
 126              		.cfi_endproc
 127              	.LFE111:
 129              		.align	2
 130              		.global	SYSCFG_EXTILineConfig
 131              		.thumb
 132              		.thumb_func
 134              	SYSCFG_EXTILineConfig:
 135              	.LFB112:
 109:/home/preetham/work/projects/stm32f4-discovery-bare-metal/hello_world/cmsis/device/stm32f4xx_syscfg.c **** 
 110:/home/preetham/work/projects/stm32f4-discovery-bare-metal/hello_world/cmsis/device/stm32f4xx_syscfg.c **** /**
 111:/home/preetham/work/projects/stm32f4-discovery-bare-metal/hello_world/cmsis/device/stm32f4xx_syscfg.c ****   * @brief  Selects the GPIO pin used as EXTI Line.
 112:/home/preetham/work/projects/stm32f4-discovery-bare-metal/hello_world/cmsis/device/stm32f4xx_syscfg.c ****   * @param  EXTI_PortSourceGPIOx : selects the GPIO port to be used as source for
 113:/home/preetham/work/projects/stm32f4-discovery-bare-metal/hello_world/cmsis/device/stm32f4xx_syscfg.c ****   *          EXTI lines where x can be (A..I).
 114:/home/preetham/work/projects/stm32f4-discovery-bare-metal/hello_world/cmsis/device/stm32f4xx_syscfg.c ****   * @param  EXTI_PinSourcex: specifies the EXTI line to be configured.
 115:/home/preetham/work/projects/stm32f4-discovery-bare-metal/hello_world/cmsis/device/stm32f4xx_syscfg.c ****   *           This parameter can be EXTI_PinSourcex where x can be (0..15, except
 116:/home/preetham/work/projects/stm32f4-discovery-bare-metal/hello_world/cmsis/device/stm32f4xx_syscfg.c ****   *           for EXTI_PortSourceGPIOI x can be (0..11).
 117:/home/preetham/work/projects/stm32f4-discovery-bare-metal/hello_world/cmsis/device/stm32f4xx_syscfg.c ****   * @retval None
 118:/home/preetham/work/projects/stm32f4-discovery-bare-metal/hello_world/cmsis/device/stm32f4xx_syscfg.c ****   */
 119:/home/preetham/work/projects/stm32f4-discovery-bare-metal/hello_world/cmsis/device/stm32f4xx_syscfg.c **** void SYSCFG_EXTILineConfig(uint8_t EXTI_PortSourceGPIOx, uint8_t EXTI_PinSourcex)
 120:/home/preetham/work/projects/stm32f4-discovery-bare-metal/hello_world/cmsis/device/stm32f4xx_syscfg.c **** {
 136              		.loc 1 120 0
 137              		.cfi_startproc
 138              		@ args = 0, pretend = 0, frame = 16
 139              		@ frame_needed = 1, uses_anonymous_args = 0
 140              		@ link register save eliminated.
 141 003c 90B4     		push	{r4, r7}	@
 142              		.cfi_def_cfa_offset 8
 143              		.cfi_offset 4, -8
 144              		.cfi_offset 7, -4
 145 003e 84B0     		sub	sp, sp, #16	@,,
 146              		.cfi_def_cfa_offset 24
 147 0040 00AF     		add	r7, sp, #0	@,,
 148              		.cfi_def_cfa_register 7
 149 0042 0246     		mov	r2, r0	@ tmp135, EXTI_PortSourceGPIOx
 150 0044 0B46     		mov	r3, r1	@ tmp137, EXTI_PinSourcex
 151 0046 FA71     		strb	r2, [r7, #7]	@ tmp136, EXTI_PortSourceGPIOx
 152 0048 BB71     		strb	r3, [r7, #6]	@ tmp138, EXTI_PinSourcex
 121:/home/preetham/work/projects/stm32f4-discovery-bare-metal/hello_world/cmsis/device/stm32f4xx_syscfg.c ****   uint32_t tmp = 0x00;
 153              		.loc 1 121 0
 154 004a 0023     		movs	r3, #0	@ tmp139,
 155 004c FB60     		str	r3, [r7, #12]	@ tmp139, tmp
 122:/home/preetham/work/projects/stm32f4-discovery-bare-metal/hello_world/cmsis/device/stm32f4xx_syscfg.c **** 
 123:/home/preetham/work/projects/stm32f4-discovery-bare-metal/hello_world/cmsis/device/stm32f4xx_syscfg.c ****   /* Check the parameters */
 124:/home/preetham/work/projects/stm32f4-discovery-bare-metal/hello_world/cmsis/device/stm32f4xx_syscfg.c ****   assert_param(IS_EXTI_PORT_SOURCE(EXTI_PortSourceGPIOx));
 125:/home/preetham/work/projects/stm32f4-discovery-bare-metal/hello_world/cmsis/device/stm32f4xx_syscfg.c ****   assert_param(IS_EXTI_PIN_SOURCE(EXTI_PinSourcex));
 126:/home/preetham/work/projects/stm32f4-discovery-bare-metal/hello_world/cmsis/device/stm32f4xx_syscfg.c **** 
 127:/home/preetham/work/projects/stm32f4-discovery-bare-metal/hello_world/cmsis/device/stm32f4xx_syscfg.c ****   tmp = ((uint32_t)0x0F) << (0x04 * (EXTI_PinSourcex & (uint8_t)0x03));
 156              		.loc 1 127 0
 157 004e BB79     		ldrb	r3, [r7, #6]	@ zero_extendqisi2	@ D.7364, EXTI_PinSourcex
 158 0050 03F00303 		and	r3, r3, #3	@ D.7364, D.7364,
 159 0054 9B00     		lsls	r3, r3, #2	@ D.7364, D.7364,
 160 0056 0F22     		movs	r2, #15	@ tmp141,
 161 0058 02FA03F3 		lsl	r3, r2, r3	@ tmp140, tmp141, D.7364
 162 005c FB60     		str	r3, [r7, #12]	@ tmp140, tmp
 128:/home/preetham/work/projects/stm32f4-discovery-bare-metal/hello_world/cmsis/device/stm32f4xx_syscfg.c ****   SYSCFG->EXTICR[EXTI_PinSourcex >> 0x02] &= ~tmp;
 163              		.loc 1 128 0
 164 005e 4FF46053 		mov	r3, #14336	@ D.7365,
 165 0062 C4F20103 		movt	r3, 16385	@ D.7365,
 166 0066 BA79     		ldrb	r2, [r7, #6]	@ zero_extendqisi2	@ tmp142, EXTI_PinSourcex
 167 0068 9208     		lsrs	r2, r2, #2	@ tmp143, tmp142,
 168 006a D2B2     		uxtb	r2, r2	@ D.7366, tmp143
 169 006c 1046     		mov	r0, r2	@ D.7364, D.7366
 170 006e 4FF46052 		mov	r2, #14336	@ D.7365,
 171 0072 C4F20102 		movt	r2, 16385	@ D.7365,
 172 0076 B979     		ldrb	r1, [r7, #6]	@ zero_extendqisi2	@ tmp144, EXTI_PinSourcex
 173 0078 8908     		lsrs	r1, r1, #2	@ tmp145, tmp144,
 174 007a C9B2     		uxtb	r1, r1	@ D.7366, tmp145
 175 007c 0231     		adds	r1, r1, #2	@ tmp146, D.7364,
 176 007e 52F82110 		ldr	r1, [r2, r1, lsl #2]	@ D.7367, _10->EXTICR
 177 0082 FA68     		ldr	r2, [r7, #12]	@ tmp147, tmp
 178 0084 D243     		mvns	r2, r2	@ D.7367, tmp147
 179 0086 1140     		ands	r1, r1, r2	@, D.7367, D.7367, D.7367
 180 0088 821C     		adds	r2, r0, #2	@ tmp148, D.7364,
 181 008a 43F82210 		str	r1, [r3, r2, lsl #2]	@ D.7367, _7->EXTICR
 129:/home/preetham/work/projects/stm32f4-discovery-bare-metal/hello_world/cmsis/device/stm32f4xx_syscfg.c ****   SYSCFG->EXTICR[EXTI_PinSourcex >> 0x02] |= (((uint32_t)EXTI_PortSourceGPIOx) << (0x04 * (EXTI_Pin
 182              		.loc 1 129 0
 183 008e 4FF46053 		mov	r3, #14336	@ D.7365,
 184 0092 C4F20103 		movt	r3, 16385	@ D.7365,
 185 0096 BA79     		ldrb	r2, [r7, #6]	@ zero_extendqisi2	@ tmp149, EXTI_PinSourcex
 186 0098 9208     		lsrs	r2, r2, #2	@ tmp150, tmp149,
 187 009a D2B2     		uxtb	r2, r2	@ D.7366, tmp150
 188 009c 1046     		mov	r0, r2	@ D.7364, D.7366
 189 009e 4FF46052 		mov	r2, #14336	@ D.7365,
 190 00a2 C4F20102 		movt	r2, 16385	@ D.7365,
 191 00a6 B979     		ldrb	r1, [r7, #6]	@ zero_extendqisi2	@ tmp151, EXTI_PinSourcex
 192 00a8 8908     		lsrs	r1, r1, #2	@ tmp152, tmp151,
 193 00aa C9B2     		uxtb	r1, r1	@ D.7366, tmp152
 194 00ac 0231     		adds	r1, r1, #2	@ tmp153, D.7364,
 195 00ae 52F82110 		ldr	r1, [r2, r1, lsl #2]	@ D.7367, _19->EXTICR
 196 00b2 FC79     		ldrb	r4, [r7, #7]	@ zero_extendqisi2	@ D.7367, EXTI_PortSourceGPIOx
 197 00b4 BA79     		ldrb	r2, [r7, #6]	@ zero_extendqisi2	@ D.7364, EXTI_PinSourcex
 198 00b6 02F00302 		and	r2, r2, #3	@ D.7364, D.7364,
 199 00ba 9200     		lsls	r2, r2, #2	@ D.7364, D.7364,
 200 00bc 04FA02F2 		lsl	r2, r4, r2	@ D.7367, D.7367, D.7364
 201 00c0 1143     		orrs	r1, r1, r2	@, D.7367, D.7367, D.7367
 202 00c2 821C     		adds	r2, r0, #2	@ tmp154, D.7364,
 203 00c4 43F82210 		str	r1, [r3, r2, lsl #2]	@ D.7367, _16->EXTICR
 130:/home/preetham/work/projects/stm32f4-discovery-bare-metal/hello_world/cmsis/device/stm32f4xx_syscfg.c **** }
 204              		.loc 1 130 0
 205 00c8 1037     		adds	r7, r7, #16	@,,
 206 00ca BD46     		mov	sp, r7	@,
 207              		@ sp needed	@
 208 00cc 90BC     		pop	{r4, r7}	@
 209 00ce 7047     		bx	lr	@
 210              		.cfi_endproc
 211              	.LFE112:
 213              		.align	2
 214              		.global	SYSCFG_ETH_MediaInterfaceConfig
 215              		.thumb
 216              		.thumb_func
 218              	SYSCFG_ETH_MediaInterfaceConfig:
 219              	.LFB113:
 131:/home/preetham/work/projects/stm32f4-discovery-bare-metal/hello_world/cmsis/device/stm32f4xx_syscfg.c **** 
 132:/home/preetham/work/projects/stm32f4-discovery-bare-metal/hello_world/cmsis/device/stm32f4xx_syscfg.c **** /**
 133:/home/preetham/work/projects/stm32f4-discovery-bare-metal/hello_world/cmsis/device/stm32f4xx_syscfg.c ****   * @brief  Selects the ETHERNET media interface 
 134:/home/preetham/work/projects/stm32f4-discovery-bare-metal/hello_world/cmsis/device/stm32f4xx_syscfg.c ****   * @param  SYSCFG_ETH_MediaInterface: specifies the Media Interface mode. 
 135:/home/preetham/work/projects/stm32f4-discovery-bare-metal/hello_world/cmsis/device/stm32f4xx_syscfg.c ****   *          This parameter can be one of the following values: 
 136:/home/preetham/work/projects/stm32f4-discovery-bare-metal/hello_world/cmsis/device/stm32f4xx_syscfg.c ****   *            @arg SYSCFG_ETH_MediaInterface_MII: MII mode selected
 137:/home/preetham/work/projects/stm32f4-discovery-bare-metal/hello_world/cmsis/device/stm32f4xx_syscfg.c ****   *            @arg SYSCFG_ETH_MediaInterface_RMII: RMII mode selected 
 138:/home/preetham/work/projects/stm32f4-discovery-bare-metal/hello_world/cmsis/device/stm32f4xx_syscfg.c ****   * @retval None 
 139:/home/preetham/work/projects/stm32f4-discovery-bare-metal/hello_world/cmsis/device/stm32f4xx_syscfg.c ****   */
 140:/home/preetham/work/projects/stm32f4-discovery-bare-metal/hello_world/cmsis/device/stm32f4xx_syscfg.c **** void SYSCFG_ETH_MediaInterfaceConfig(uint32_t SYSCFG_ETH_MediaInterface) 
 141:/home/preetham/work/projects/stm32f4-discovery-bare-metal/hello_world/cmsis/device/stm32f4xx_syscfg.c **** { 
 220              		.loc 1 141 0
 221              		.cfi_startproc
 222              		@ args = 0, pretend = 0, frame = 8
 223              		@ frame_needed = 1, uses_anonymous_args = 0
 224              		@ link register save eliminated.
 225 00d0 80B4     		push	{r7}	@
 226              		.cfi_def_cfa_offset 4
 227              		.cfi_offset 7, -4
 228 00d2 83B0     		sub	sp, sp, #12	@,,
 229              		.cfi_def_cfa_offset 16
 230 00d4 00AF     		add	r7, sp, #0	@,,
 231              		.cfi_def_cfa_register 7
 232 00d6 7860     		str	r0, [r7, #4]	@ SYSCFG_ETH_MediaInterface, SYSCFG_ETH_MediaInterface
 142:/home/preetham/work/projects/stm32f4-discovery-bare-metal/hello_world/cmsis/device/stm32f4xx_syscfg.c ****   assert_param(IS_SYSCFG_ETH_MEDIA_INTERFACE(SYSCFG_ETH_MediaInterface)); 
 143:/home/preetham/work/projects/stm32f4-discovery-bare-metal/hello_world/cmsis/device/stm32f4xx_syscfg.c ****   /* Configure MII_RMII selection bit */ 
 144:/home/preetham/work/projects/stm32f4-discovery-bare-metal/hello_world/cmsis/device/stm32f4xx_syscfg.c ****   *(__IO uint32_t *) PMC_MII_RMII_SEL_BB = SYSCFG_ETH_MediaInterface; 
 233              		.loc 1 144 0
 234 00d8 DC23     		movs	r3, #220	@ D.7368,
 235 00da C4F22723 		movt	r3, 16935	@ D.7368,
 236 00de 7A68     		ldr	r2, [r7, #4]	@ tmp111, SYSCFG_ETH_MediaInterface
 237 00e0 1A60     		str	r2, [r3]	@ tmp111, *_1
 145:/home/preetham/work/projects/stm32f4-discovery-bare-metal/hello_world/cmsis/device/stm32f4xx_syscfg.c **** }
 238              		.loc 1 145 0
 239 00e2 0C37     		adds	r7, r7, #12	@,,
 240 00e4 BD46     		mov	sp, r7	@,
 241              		@ sp needed	@
 242 00e6 5DF8047B 		ldr	r7, [sp], #4	@,
 243 00ea 7047     		bx	lr	@
 244              		.cfi_endproc
 245              	.LFE113:
 247              		.align	2
 248              		.global	SYSCFG_CompensationCellCmd
 249              		.thumb
 250              		.thumb_func
 252              	SYSCFG_CompensationCellCmd:
 253              	.LFB114:
 146:/home/preetham/work/projects/stm32f4-discovery-bare-metal/hello_world/cmsis/device/stm32f4xx_syscfg.c **** 
 147:/home/preetham/work/projects/stm32f4-discovery-bare-metal/hello_world/cmsis/device/stm32f4xx_syscfg.c **** /**
 148:/home/preetham/work/projects/stm32f4-discovery-bare-metal/hello_world/cmsis/device/stm32f4xx_syscfg.c ****   * @brief  Enables or disables the I/O Compensation Cell.
 149:/home/preetham/work/projects/stm32f4-discovery-bare-metal/hello_world/cmsis/device/stm32f4xx_syscfg.c ****   * @note   The I/O compensation cell can be used only when the device supply
 150:/home/preetham/work/projects/stm32f4-discovery-bare-metal/hello_world/cmsis/device/stm32f4xx_syscfg.c ****   *         voltage ranges from 2.4 to 3.6 V.  
 151:/home/preetham/work/projects/stm32f4-discovery-bare-metal/hello_world/cmsis/device/stm32f4xx_syscfg.c ****   * @param  NewState: new state of the I/O Compensation Cell.
 152:/home/preetham/work/projects/stm32f4-discovery-bare-metal/hello_world/cmsis/device/stm32f4xx_syscfg.c ****   *          This parameter can be one of the following values:
 153:/home/preetham/work/projects/stm32f4-discovery-bare-metal/hello_world/cmsis/device/stm32f4xx_syscfg.c ****   *            @arg ENABLE: I/O compensation cell enabled  
 154:/home/preetham/work/projects/stm32f4-discovery-bare-metal/hello_world/cmsis/device/stm32f4xx_syscfg.c ****   *            @arg DISABLE: I/O compensation cell power-down mode  
 155:/home/preetham/work/projects/stm32f4-discovery-bare-metal/hello_world/cmsis/device/stm32f4xx_syscfg.c ****   * @retval None
 156:/home/preetham/work/projects/stm32f4-discovery-bare-metal/hello_world/cmsis/device/stm32f4xx_syscfg.c ****   */
 157:/home/preetham/work/projects/stm32f4-discovery-bare-metal/hello_world/cmsis/device/stm32f4xx_syscfg.c **** void SYSCFG_CompensationCellCmd(FunctionalState NewState)
 158:/home/preetham/work/projects/stm32f4-discovery-bare-metal/hello_world/cmsis/device/stm32f4xx_syscfg.c **** {
 254              		.loc 1 158 0
 255              		.cfi_startproc
 256              		@ args = 0, pretend = 0, frame = 8
 257              		@ frame_needed = 1, uses_anonymous_args = 0
 258              		@ link register save eliminated.
 259 00ec 80B4     		push	{r7}	@
 260              		.cfi_def_cfa_offset 4
 261              		.cfi_offset 7, -4
 262 00ee 83B0     		sub	sp, sp, #12	@,,
 263              		.cfi_def_cfa_offset 16
 264 00f0 00AF     		add	r7, sp, #0	@,,
 265              		.cfi_def_cfa_register 7
 266 00f2 0346     		mov	r3, r0	@ tmp112, NewState
 267 00f4 FB71     		strb	r3, [r7, #7]	@ tmp113, NewState
 159:/home/preetham/work/projects/stm32f4-discovery-bare-metal/hello_world/cmsis/device/stm32f4xx_syscfg.c ****   /* Check the parameters */
 160:/home/preetham/work/projects/stm32f4-discovery-bare-metal/hello_world/cmsis/device/stm32f4xx_syscfg.c ****   assert_param(IS_FUNCTIONAL_STATE(NewState));
 161:/home/preetham/work/projects/stm32f4-discovery-bare-metal/hello_world/cmsis/device/stm32f4xx_syscfg.c **** 
 162:/home/preetham/work/projects/stm32f4-discovery-bare-metal/hello_world/cmsis/device/stm32f4xx_syscfg.c ****   *(__IO uint32_t *) CMPCR_CMP_PD_BB = (uint32_t)NewState;
 268              		.loc 1 162 0
 269 00f6 4FF48063 		mov	r3, #1024	@ D.7369,
 270 00fa C4F22723 		movt	r3, 16935	@ D.7369,
 271 00fe FA79     		ldrb	r2, [r7, #7]	@ zero_extendqisi2	@ D.7370, NewState
 272 0100 1A60     		str	r2, [r3]	@ D.7370, *_1
 163:/home/preetham/work/projects/stm32f4-discovery-bare-metal/hello_world/cmsis/device/stm32f4xx_syscfg.c **** }
 273              		.loc 1 163 0
 274 0102 0C37     		adds	r7, r7, #12	@,,
 275 0104 BD46     		mov	sp, r7	@,
 276              		@ sp needed	@
 277 0106 5DF8047B 		ldr	r7, [sp], #4	@,
 278 010a 7047     		bx	lr	@
 279              		.cfi_endproc
 280              	.LFE114:
 282              		.align	2
 283              		.global	SYSCFG_GetCompensationCellStatus
 284              		.thumb
 285              		.thumb_func
 287              	SYSCFG_GetCompensationCellStatus:
 288              	.LFB115:
 164:/home/preetham/work/projects/stm32f4-discovery-bare-metal/hello_world/cmsis/device/stm32f4xx_syscfg.c **** 
 165:/home/preetham/work/projects/stm32f4-discovery-bare-metal/hello_world/cmsis/device/stm32f4xx_syscfg.c **** /**
 166:/home/preetham/work/projects/stm32f4-discovery-bare-metal/hello_world/cmsis/device/stm32f4xx_syscfg.c ****   * @brief  Checks whether the I/O Compensation Cell ready flag is set or not.
 167:/home/preetham/work/projects/stm32f4-discovery-bare-metal/hello_world/cmsis/device/stm32f4xx_syscfg.c ****   * @param  None
 168:/home/preetham/work/projects/stm32f4-discovery-bare-metal/hello_world/cmsis/device/stm32f4xx_syscfg.c ****   * @retval The new state of the I/O Compensation Cell ready flag (SET or RESET)
 169:/home/preetham/work/projects/stm32f4-discovery-bare-metal/hello_world/cmsis/device/stm32f4xx_syscfg.c ****   */
 170:/home/preetham/work/projects/stm32f4-discovery-bare-metal/hello_world/cmsis/device/stm32f4xx_syscfg.c **** FlagStatus SYSCFG_GetCompensationCellStatus(void)
 171:/home/preetham/work/projects/stm32f4-discovery-bare-metal/hello_world/cmsis/device/stm32f4xx_syscfg.c **** {
 289              		.loc 1 171 0
 290              		.cfi_startproc
 291              		@ args = 0, pretend = 0, frame = 8
 292              		@ frame_needed = 1, uses_anonymous_args = 0
 293              		@ link register save eliminated.
 294 010c 80B4     		push	{r7}	@
 295              		.cfi_def_cfa_offset 4
 296              		.cfi_offset 7, -4
 297 010e 83B0     		sub	sp, sp, #12	@,,
 298              		.cfi_def_cfa_offset 16
 299 0110 00AF     		add	r7, sp, #0	@,,
 300              		.cfi_def_cfa_register 7
 172:/home/preetham/work/projects/stm32f4-discovery-bare-metal/hello_world/cmsis/device/stm32f4xx_syscfg.c ****   FlagStatus bitstatus = RESET;
 301              		.loc 1 172 0
 302 0112 0023     		movs	r3, #0	@ tmp115,
 303 0114 FB71     		strb	r3, [r7, #7]	@ tmp116, bitstatus
 173:/home/preetham/work/projects/stm32f4-discovery-bare-metal/hello_world/cmsis/device/stm32f4xx_syscfg.c ****     
 174:/home/preetham/work/projects/stm32f4-discovery-bare-metal/hello_world/cmsis/device/stm32f4xx_syscfg.c ****   if ((SYSCFG->CMPCR & SYSCFG_CMPCR_READY ) != (uint32_t)RESET)
 304              		.loc 1 174 0
 305 0116 4FF46053 		mov	r3, #14336	@ D.7371,
 306 011a C4F20103 		movt	r3, 16385	@ D.7371,
 307 011e 1B6A     		ldr	r3, [r3, #32]	@ D.7372, _3->CMPCR
 308 0120 03F48073 		and	r3, r3, #256	@ D.7372, D.7372,
 309 0124 002B     		cmp	r3, #0	@ D.7372,
 310 0126 02D0     		beq	.L7	@,
 175:/home/preetham/work/projects/stm32f4-discovery-bare-metal/hello_world/cmsis/device/stm32f4xx_syscfg.c ****   {
 176:/home/preetham/work/projects/stm32f4-discovery-bare-metal/hello_world/cmsis/device/stm32f4xx_syscfg.c ****     bitstatus = SET;
 311              		.loc 1 176 0
 312 0128 0123     		movs	r3, #1	@ tmp117,
 313 012a FB71     		strb	r3, [r7, #7]	@ tmp118, bitstatus
 314 012c 01E0     		b	.L8	@
 315              	.L7:
 177:/home/preetham/work/projects/stm32f4-discovery-bare-metal/hello_world/cmsis/device/stm32f4xx_syscfg.c ****   }
 178:/home/preetham/work/projects/stm32f4-discovery-bare-metal/hello_world/cmsis/device/stm32f4xx_syscfg.c ****   else
 179:/home/preetham/work/projects/stm32f4-discovery-bare-metal/hello_world/cmsis/device/stm32f4xx_syscfg.c ****   {
 180:/home/preetham/work/projects/stm32f4-discovery-bare-metal/hello_world/cmsis/device/stm32f4xx_syscfg.c ****     bitstatus = RESET;
 316              		.loc 1 180 0
 317 012e 0023     		movs	r3, #0	@ tmp119,
 318 0130 FB71     		strb	r3, [r7, #7]	@ tmp120, bitstatus
 319              	.L8:
 181:/home/preetham/work/projects/stm32f4-discovery-bare-metal/hello_world/cmsis/device/stm32f4xx_syscfg.c ****   }
 182:/home/preetham/work/projects/stm32f4-discovery-bare-metal/hello_world/cmsis/device/stm32f4xx_syscfg.c ****   return bitstatus;
 320              		.loc 1 182 0
 321 0132 FB79     		ldrb	r3, [r7, #7]	@ zero_extendqisi2	@ D.7373, bitstatus
 183:/home/preetham/work/projects/stm32f4-discovery-bare-metal/hello_world/cmsis/device/stm32f4xx_syscfg.c **** }
 322              		.loc 1 183 0
 323 0134 1846     		mov	r0, r3	@, <retval>
 324 0136 0C37     		adds	r7, r7, #12	@,,
 325 0138 BD46     		mov	sp, r7	@,
 326              		@ sp needed	@
 327 013a 5DF8047B 		ldr	r7, [sp], #4	@,
 328 013e 7047     		bx	lr	@
 329              		.cfi_endproc
 330              	.LFE115:
 332              	.Letext0:
 333              		.file 2 "/opt/toolchains/eabi/arm-2014.05/arm-none-eabi/include/stdint.h"
 334              		.file 3 "/home/preetham/work/projects/stm32f4-discovery-bare-metal/hello_world/src/stm32f4xx.h"
 335              		.file 4 "/home/preetham/work/projects/stm32f4-discovery-bare-metal/hello_world/cmsis/core/core_cm4
DEFINED SYMBOLS
                            *ABS*:00000000 stm32f4xx_syscfg.c
     /tmp/ccHjAHdM.s:63     .text:00000000 $t
     /tmp/ccHjAHdM.s:68     .text:00000000 SYSCFG_DeInit
     /tmp/ccHjAHdM.s:99     .text:0000001c SYSCFG_MemoryRemapConfig
     /tmp/ccHjAHdM.s:134    .text:0000003c SYSCFG_EXTILineConfig
     /tmp/ccHjAHdM.s:218    .text:000000d0 SYSCFG_ETH_MediaInterfaceConfig
     /tmp/ccHjAHdM.s:252    .text:000000ec SYSCFG_CompensationCellCmd
     /tmp/ccHjAHdM.s:287    .text:0000010c SYSCFG_GetCompensationCellStatus
                     .debug_frame:00000010 $d

UNDEFINED SYMBOLS
RCC_APB2PeriphResetCmd
