   1              		.syntax unified
   2              		.cpu cortex-m4
   3              		.eabi_attribute 27, 3	@ Tag_ABI_HardFP_use
   4              		.eabi_attribute 28, 1	@ Tag_ABI_VFP_args
   5              		.fpu vfp
   6              		.eabi_attribute 20, 1	@ Tag_ABI_FP_denormal
   7              		.eabi_attribute 21, 1	@ Tag_ABI_FP_exceptions
   8              		.eabi_attribute 23, 3	@ Tag_ABI_FP_number_model
   9              		.eabi_attribute 24, 1	@ Tag_ABI_align8_needed
  10              		.eabi_attribute 25, 1	@ Tag_ABI_align8_preserved
  11              		.eabi_attribute 26, 1	@ Tag_ABI_enum_size
  12              		.eabi_attribute 30, 6	@ Tag_ABI_optimization_goals
  13              		.eabi_attribute 34, 1	@ Tag_CPU_unaligned_access
  14              		.eabi_attribute 18, 4	@ Tag_ABI_PCS_wchar_t
  15              		.file	"stm32f4_vector.c"
  16              	@ GNU C (Sourcery CodeBench Lite 2014.05-28) version 4.8.3 20140320 (prerelease) (arm-none-eabi)
  17              	@	compiled by GNU C version 4.7.2, GMP version 5.0.5, MPFR version 3.1.1-p2, MPC version 1.0.1
  18              	@ GGC heuristics: --param ggc-min-expand=100 --param ggc-min-heapsize=131072
  19              	@ options passed: 
  20              	@ -I /home/preetham/work/projects/stm32f4-discovery-bare-metal/hello_world
  21              	@ -I /home/preetham/work/projects/stm32f4-discovery-bare-metal/hello_world/src
  22              	@ -I /home/preetham/work/projects/stm32f4-discovery-bare-metal/hello_world/project
  23              	@ -I /home/preetham/work/projects/stm32f4-discovery-bare-metal/hello_world/cmsis/core
  24              	@ -I /home/preetham/work/projects/stm32f4-discovery-bare-metal/hello_world/cmsis/device
  25              	@ -imultilib thumb2
  26              	@ -iprefix /opt/toolchains/eabi/arm-2014.05/bin/../lib/gcc/arm-none-eabi/4.8.3/
  27              	@ -isysroot /opt/toolchains/eabi/arm-2014.05/bin/../arm-none-eabi
  28              	@ -MMD /home/preetham/work/projects/stm32f4-discovery-bare-metal/hello_world/build/stm32f4_vector.d
  29              	@ -MF /home/preetham/work/projects/stm32f4-discovery-bare-metal/hello_world/build/.dep/stm32f4_vect
  30              	@ -MP
  31              	@ -MQ /home/preetham/work/projects/stm32f4-discovery-bare-metal/hello_world/build/stm32f4_vector.o
  32              	@ -D__USES_INITFINI__ -D USE_STDPERIPH_DRIVER -D STM32F4XX
  33              	@ -D __CS_SOURCERYGXX_MAJ__=2014 -D __CS_SOURCERYGXX_MIN__=5
  34              	@ -D __CS_SOURCERYGXX_REV__=28
  35              	@ /home/preetham/work/projects/stm32f4-discovery-bare-metal/hello_world/src/stm32f4_vector.c
  36              	@ -mcpu=cortex-m4 -mtune=cortex-m4 -mfloat-abi=hard -mthumb -mapcs-frame
  37              	@ -auxbase-strip /home/preetham/work/projects/stm32f4-discovery-bare-metal/hello_world/build/stm32f
  38              	@ -g -O0 -Wall -Wstrict-prototypes -fverbose-asm
  39              	@ options enabled:  -faggressive-loop-optimizations -fauto-inc-dec
  40              	@ -fbranch-count-reg -fcommon -fdelete-null-pointer-checks -fdwarf2-cfi-asm
  41              	@ -fearly-inlining -feliminate-unused-debug-types -ffunction-cse -fgcse-lm
  42              	@ -fgnu-runtime -fident -finline-atomics -fira-hoist-pressure
  43              	@ -fira-share-save-slots -fira-share-spill-slots -fivopts
  44              	@ -fkeep-static-consts -fleading-underscore -fmath-errno
  45              	@ -fmerge-debug-strings -fmove-loop-invariants -fpeephole
  46              	@ -fprefetch-loop-arrays -freg-struct-return
  47              	@ -fsched-critical-path-heuristic -fsched-dep-count-heuristic
  48              	@ -fsched-group-heuristic -fsched-interblock -fsched-last-insn-heuristic
  49              	@ -fsched-rank-heuristic -fsched-spec -fsched-spec-insn-heuristic
  50              	@ -fsched-stalled-insns-dep -fshow-column -fsigned-zeros
  51              	@ -fsplit-ivs-in-unroller -fstrict-volatile-bitfields -fsync-libcalls
  52              	@ -ftrapping-math -ftree-coalesce-vars -ftree-cselim -ftree-forwprop
  53              	@ -ftree-loop-if-convert -ftree-loop-im -ftree-loop-ivcanon
  54              	@ -ftree-loop-optimize -ftree-parallelize-loops= -ftree-phiprop -ftree-pta
  55              	@ -ftree-reassoc -ftree-scev-cprop -ftree-slp-vectorize
  56              	@ -ftree-vect-loop-version -funit-at-a-time -fverbose-asm
  57              	@ -fzero-initialized-in-bss -mlittle-endian -msched-prolog -mthumb
  58              	@ -munaligned-access -mvectorize-with-neon-quad
  59              	
  60              		.text
  61              	.Ltext0:
  62              		.cfi_sections	.debug_frame
  63              		.global	g_pfnVectors
  64              		.section	.isr_vector,"a",%progbits
  65              		.align	2
  68              	g_pfnVectors:
  69 0000 00000000 		.word	_stack_start
  70 0004 00000000 		.word	Reset_Handler
  71 0008 00000000 		.word	NMI_Handler
  72 000c 00000000 		.word	HardFault_Handler
  73 0010 00000000 		.word	MemManage_Handler
  74 0014 00000000 		.word	BusFault_Handler
  75 0018 00000000 		.word	UsageFault_Handler
  76 001c 00000000 		.word	0
  77 0020 00000000 		.word	0
  78 0024 00000000 		.word	0
  79 0028 00000000 		.word	0
  80 002c 00000000 		.word	SVC_Handler
  81 0030 00000000 		.word	DebugMon_Handler
  82 0034 00000000 		.word	0
  83 0038 00000000 		.word	PendSV_Handler
  84 003c 00000000 		.word	SysTick_Handler
  85 0040 00000000 		.word	WWDG_IRQHandler
  86 0044 00000000 		.word	PVD_IRQHandler
  87 0048 00000000 		.word	TAMP_STAMP_IRQHandler
  88 004c 00000000 		.word	RTC_WKUP_IRQHandler
  89 0050 00000000 		.word	FLASH_IRQHandler
  90 0054 00000000 		.word	RCC_IRQHandler
  91 0058 00000000 		.word	EXTI0_IRQHandler
  92 005c 00000000 		.word	EXTI1_IRQHandler
  93 0060 00000000 		.word	EXTI2_IRQHandler
  94 0064 00000000 		.word	EXTI3_IRQHandler
  95 0068 00000000 		.word	EXTI4_IRQHandler
  96 006c 00000000 		.word	DMA1_Stream0_IRQHandler
  97 0070 00000000 		.word	DMA1_Stream1_IRQHandler
  98 0074 00000000 		.word	DMA1_Stream2_IRQHandler
  99 0078 00000000 		.word	DMA1_Stream3_IRQHandler
 100 007c 00000000 		.word	DMA1_Stream4_IRQHandler
 101 0080 00000000 		.word	DMA1_Stream5_IRQHandler
 102 0084 00000000 		.word	DMA1_Stream6_IRQHandler
 103 0088 00000000 		.word	ADC_IRQHandler
 104 008c 00000000 		.word	CAN1_TX_IRQHandler
 105 0090 00000000 		.word	CAN1_RX0_IRQHandler
 106 0094 00000000 		.word	CAN1_RX1_IRQHandler
 107 0098 00000000 		.word	CAN1_SCE_IRQHandler
 108 009c 00000000 		.word	EXTI9_5_IRQHandler
 109 00a0 00000000 		.word	TIM1_BRK_TIM9_IRQHandler
 110 00a4 00000000 		.word	TIM1_UP_TIM10_IRQHandler
 111 00a8 00000000 		.word	TIM1_TRG_COM_TIM11_IRQHandler
 112 00ac 00000000 		.word	TIM1_CC_IRQHandler
 113 00b0 00000000 		.word	TIM2_IRQHandler
 114 00b4 00000000 		.word	TIM3_IRQHandler
 115 00b8 00000000 		.word	TIM4_IRQHandler
 116 00bc 00000000 		.word	I2C1_EV_IRQHandler
 117 00c0 00000000 		.word	I2C1_ER_IRQHandler
 118 00c4 00000000 		.word	I2C2_EV_IRQHandler
 119 00c8 00000000 		.word	I2C2_ER_IRQHandler
 120 00cc 00000000 		.word	SPI1_IRQHandler
 121 00d0 00000000 		.word	SPI2_IRQHandler
 122 00d4 00000000 		.word	USART1_IRQHandler
 123 00d8 00000000 		.word	USART2_IRQHandler
 124 00dc 00000000 		.word	USART3_IRQHandler
 125 00e0 00000000 		.word	EXTI15_10_IRQHandler
 126 00e4 00000000 		.word	RTC_Alarm_IRQHandler
 127 00e8 00000000 		.word	OTG_FS_WKUP_IRQHandler
 128 00ec 00000000 		.word	TIM8_BRK_TIM12_IRQHandler
 129 00f0 00000000 		.word	TIM8_UP_TIM13_IRQHandler
 130 00f4 00000000 		.word	TIM8_TRG_COM_TIM14_IRQHandler
 131 00f8 00000000 		.word	TIM8_CC_IRQHandler
 132 00fc 00000000 		.word	DMA1_Stream7_IRQHandler
 133 0100 00000000 		.word	FSMC_IRQHandler
 134 0104 00000000 		.word	SDIO_IRQHandler
 135 0108 00000000 		.word	TIM5_IRQHandler
 136 010c 00000000 		.word	SPI3_IRQHandler
 137 0110 00000000 		.word	UART4_IRQHandler
 138 0114 00000000 		.word	UART5_IRQHandler
 139 0118 00000000 		.word	TIM6_DAC_IRQHandler
 140 011c 00000000 		.word	TIM7_IRQHandler
 141 0120 00000000 		.word	DMA2_Stream0_IRQHandler
 142 0124 00000000 		.word	DMA2_Stream1_IRQHandler
 143 0128 00000000 		.word	DMA2_Stream2_IRQHandler
 144 012c 00000000 		.word	DMA2_Stream3_IRQHandler
 145 0130 00000000 		.word	DMA2_Stream4_IRQHandler
 146 0134 00000000 		.word	ETH_IRQHandler
 147 0138 00000000 		.word	ETH_WKUP_IRQHandler
 148 013c 00000000 		.word	CAN2_TX_IRQHandler
 149 0140 00000000 		.word	CAN2_RX0_IRQHandler
 150 0144 00000000 		.word	CAN2_RX1_IRQHandler
 151 0148 00000000 		.word	CAN2_SCE_IRQHandler
 152 014c 00000000 		.word	OTG_FS_IRQHandler
 153 0150 00000000 		.word	DMA2_Stream5_IRQHandler
 154 0154 00000000 		.word	DMA2_Stream6_IRQHandler
 155 0158 00000000 		.word	DMA2_Stream7_IRQHandler
 156 015c 00000000 		.word	USART6_IRQHandler
 157 0160 00000000 		.word	I2C3_EV_IRQHandler
 158 0164 00000000 		.word	I2C3_ER_IRQHandler
 159 0168 00000000 		.word	OTG_HS_EP1_OUT_IRQHandler
 160 016c 00000000 		.word	OTG_HS_EP1_IN_IRQHandler
 161 0170 00000000 		.word	OTG_HS_WKUP_IRQHandler
 162 0174 00000000 		.word	OTG_HS_IRQHandler
 163 0178 00000000 		.word	DCMI_IRQHandler
 164 017c 00000000 		.word	CRYP_IRQHandler
 165 0180 00000000 		.word	HASH_RNG_IRQHandler
 166 0184 00000000 		.word	FPU_IRQHandler
 167              		.text
 168              		.align	2
 169              		.global	Dummy_Handler
 170              		.thumb
 171              		.thumb_func
 173              	Dummy_Handler:
 174              	.LFB0:
 175              		.file 1 "/home/preetham/work/projects/stm32f4-discovery-bare-metal/hello_world/src/stm32f4_vector.
   1:/home/preetham/work/projects/stm32f4-discovery-bare-metal/hello_world/src/stm32f4_vector.c **** /*=================================================================================================
   2:/home/preetham/work/projects/stm32f4-discovery-bare-metal/hello_world/src/stm32f4_vector.c **** 
   3:/home/preetham/work/projects/stm32f4-discovery-bare-metal/hello_world/src/stm32f4_vector.c ****   crt.c
   4:/home/preetham/work/projects/stm32f4-discovery-bare-metal/hello_world/src/stm32f4_vector.c **** 
   5:/home/preetham/work/projects/stm32f4-discovery-bare-metal/hello_world/src/stm32f4_vector.c ****   C Runtime initialization module
   6:/home/preetham/work/projects/stm32f4-discovery-bare-metal/hello_world/src/stm32f4_vector.c **** 
   7:/home/preetham/work/projects/stm32f4-discovery-bare-metal/hello_world/src/stm32f4_vector.c ****   =================================================================================================
   8:/home/preetham/work/projects/stm32f4-discovery-bare-metal/hello_world/src/stm32f4_vector.c **** 
   9:/home/preetham/work/projects/stm32f4-discovery-bare-metal/hello_world/src/stm32f4_vector.c ****   Author: Henrique Persico Rossi
  10:/home/preetham/work/projects/stm32f4-discovery-bare-metal/hello_world/src/stm32f4_vector.c ****   e-mail: henriqueprossi@gmail.com
  11:/home/preetham/work/projects/stm32f4-discovery-bare-metal/hello_world/src/stm32f4_vector.c **** 
  12:/home/preetham/work/projects/stm32f4-discovery-bare-metal/hello_world/src/stm32f4_vector.c ****   =================================================================================================
  13:/home/preetham/work/projects/stm32f4-discovery-bare-metal/hello_world/src/stm32f4_vector.c **** 
  14:/home/preetham/work/projects/stm32f4-discovery-bare-metal/hello_world/src/stm32f4_vector.c **** /*=================================================================================================
  15:/home/preetham/work/projects/stm32f4-discovery-bare-metal/hello_world/src/stm32f4_vector.c ****   INCLUDE FILES
  16:/home/preetham/work/projects/stm32f4-discovery-bare-metal/hello_world/src/stm32f4_vector.c **** ==================================================================================================*
  17:/home/preetham/work/projects/stm32f4-discovery-bare-metal/hello_world/src/stm32f4_vector.c **** 
  18:/home/preetham/work/projects/stm32f4-discovery-bare-metal/hello_world/src/stm32f4_vector.c **** #include "stm32f4_linker.h" /* For stack address. */
  19:/home/preetham/work/projects/stm32f4-discovery-bare-metal/hello_world/src/stm32f4_vector.c **** #include "crt.h"            /* For Reset_Handler declaration. */
  20:/home/preetham/work/projects/stm32f4-discovery-bare-metal/hello_world/src/stm32f4_vector.c **** 
  21:/home/preetham/work/projects/stm32f4-discovery-bare-metal/hello_world/src/stm32f4_vector.c **** /*=================================================================================================
  22:/home/preetham/work/projects/stm32f4-discovery-bare-metal/hello_world/src/stm32f4_vector.c ****   GLOBAL FUNCTIONS
  23:/home/preetham/work/projects/stm32f4-discovery-bare-metal/hello_world/src/stm32f4_vector.c **** ==================================================================================================*
  24:/home/preetham/work/projects/stm32f4-discovery-bare-metal/hello_world/src/stm32f4_vector.c **** 
  25:/home/preetham/work/projects/stm32f4-discovery-bare-metal/hello_world/src/stm32f4_vector.c **** void Dummy_Handler(void);
  26:/home/preetham/work/projects/stm32f4-discovery-bare-metal/hello_world/src/stm32f4_vector.c **** void NMI_Handler(void) __attribute__ ((weak, alias ("Dummy_Handler")));
  27:/home/preetham/work/projects/stm32f4-discovery-bare-metal/hello_world/src/stm32f4_vector.c **** void HardFault_Handler(void) __attribute__ ((weak, alias ("Dummy_Handler")));
  28:/home/preetham/work/projects/stm32f4-discovery-bare-metal/hello_world/src/stm32f4_vector.c **** void MemManage_Handler(void) __attribute__ ((weak, alias ("Dummy_Handler")));
  29:/home/preetham/work/projects/stm32f4-discovery-bare-metal/hello_world/src/stm32f4_vector.c **** void BusFault_Handler(void) __attribute__ ((weak, alias ("Dummy_Handler")));
  30:/home/preetham/work/projects/stm32f4-discovery-bare-metal/hello_world/src/stm32f4_vector.c **** void UsageFault_Handler(void) __attribute__ ((weak, alias ("Dummy_Handler")));
  31:/home/preetham/work/projects/stm32f4-discovery-bare-metal/hello_world/src/stm32f4_vector.c **** void SVC_Handler(void) __attribute__ ((weak, alias ("Dummy_Handler")));
  32:/home/preetham/work/projects/stm32f4-discovery-bare-metal/hello_world/src/stm32f4_vector.c **** void DebugMon_Handler(void) __attribute__ ((weak, alias ("Dummy_Handler")));
  33:/home/preetham/work/projects/stm32f4-discovery-bare-metal/hello_world/src/stm32f4_vector.c **** void PendSV_Handler(void) __attribute__ ((weak, alias ("Dummy_Handler")));
  34:/home/preetham/work/projects/stm32f4-discovery-bare-metal/hello_world/src/stm32f4_vector.c **** void SysTick_Handler(void) __attribute__ ((weak, alias ("Dummy_Handler")));
  35:/home/preetham/work/projects/stm32f4-discovery-bare-metal/hello_world/src/stm32f4_vector.c **** 
  36:/home/preetham/work/projects/stm32f4-discovery-bare-metal/hello_world/src/stm32f4_vector.c **** void WWDG_IRQHandler(void) __attribute__ ((weak, alias ("Dummy_Handler")));
  37:/home/preetham/work/projects/stm32f4-discovery-bare-metal/hello_world/src/stm32f4_vector.c **** void PVD_IRQHandler(void) __attribute__ ((weak, alias ("Dummy_Handler")));
  38:/home/preetham/work/projects/stm32f4-discovery-bare-metal/hello_world/src/stm32f4_vector.c **** void TAMP_STAMP_IRQHandler(void) __attribute__ ((weak, alias ("Dummy_Handler")));
  39:/home/preetham/work/projects/stm32f4-discovery-bare-metal/hello_world/src/stm32f4_vector.c **** void RTC_WKUP_IRQHandler(void) __attribute__ ((weak, alias ("Dummy_Handler")));
  40:/home/preetham/work/projects/stm32f4-discovery-bare-metal/hello_world/src/stm32f4_vector.c **** void FLASH_IRQHandler(void) __attribute__ ((weak, alias ("Dummy_Handler")));
  41:/home/preetham/work/projects/stm32f4-discovery-bare-metal/hello_world/src/stm32f4_vector.c **** void RCC_IRQHandler(void) __attribute__ ((weak, alias ("Dummy_Handler")));
  42:/home/preetham/work/projects/stm32f4-discovery-bare-metal/hello_world/src/stm32f4_vector.c **** void EXTI0_IRQHandler(void) __attribute__ ((weak, alias ("Dummy_Handler")));
  43:/home/preetham/work/projects/stm32f4-discovery-bare-metal/hello_world/src/stm32f4_vector.c **** void EXTI1_IRQHandler(void) __attribute__ ((weak, alias ("Dummy_Handler")));
  44:/home/preetham/work/projects/stm32f4-discovery-bare-metal/hello_world/src/stm32f4_vector.c **** void EXTI2_IRQHandler(void) __attribute__ ((weak, alias ("Dummy_Handler")));
  45:/home/preetham/work/projects/stm32f4-discovery-bare-metal/hello_world/src/stm32f4_vector.c **** void EXTI3_IRQHandler(void) __attribute__ ((weak, alias ("Dummy_Handler")));
  46:/home/preetham/work/projects/stm32f4-discovery-bare-metal/hello_world/src/stm32f4_vector.c **** void EXTI4_IRQHandler(void) __attribute__ ((weak, alias ("Dummy_Handler")));
  47:/home/preetham/work/projects/stm32f4-discovery-bare-metal/hello_world/src/stm32f4_vector.c **** void DMA1_Stream0_IRQHandler(void) __attribute__ ((weak, alias ("Dummy_Handler")));
  48:/home/preetham/work/projects/stm32f4-discovery-bare-metal/hello_world/src/stm32f4_vector.c **** void DMA1_Stream1_IRQHandler(void) __attribute__ ((weak, alias ("Dummy_Handler")));
  49:/home/preetham/work/projects/stm32f4-discovery-bare-metal/hello_world/src/stm32f4_vector.c **** void DMA1_Stream2_IRQHandler(void) __attribute__ ((weak, alias ("Dummy_Handler")));
  50:/home/preetham/work/projects/stm32f4-discovery-bare-metal/hello_world/src/stm32f4_vector.c **** void DMA1_Stream3_IRQHandler(void) __attribute__ ((weak, alias ("Dummy_Handler")));
  51:/home/preetham/work/projects/stm32f4-discovery-bare-metal/hello_world/src/stm32f4_vector.c **** void DMA1_Stream4_IRQHandler(void) __attribute__ ((weak, alias ("Dummy_Handler")));
  52:/home/preetham/work/projects/stm32f4-discovery-bare-metal/hello_world/src/stm32f4_vector.c **** void DMA1_Stream5_IRQHandler(void) __attribute__ ((weak, alias ("Dummy_Handler")));
  53:/home/preetham/work/projects/stm32f4-discovery-bare-metal/hello_world/src/stm32f4_vector.c **** void DMA1_Stream6_IRQHandler(void) __attribute__ ((weak, alias ("Dummy_Handler")));
  54:/home/preetham/work/projects/stm32f4-discovery-bare-metal/hello_world/src/stm32f4_vector.c **** void ADC_IRQHandler(void) __attribute__ ((weak, alias ("Dummy_Handler")));
  55:/home/preetham/work/projects/stm32f4-discovery-bare-metal/hello_world/src/stm32f4_vector.c **** void CAN1_TX_IRQHandler(void) __attribute__ ((weak, alias ("Dummy_Handler")));
  56:/home/preetham/work/projects/stm32f4-discovery-bare-metal/hello_world/src/stm32f4_vector.c **** void CAN1_RX0_IRQHandler(void) __attribute__ ((weak, alias ("Dummy_Handler")));
  57:/home/preetham/work/projects/stm32f4-discovery-bare-metal/hello_world/src/stm32f4_vector.c **** void CAN1_RX1_IRQHandler(void) __attribute__ ((weak, alias ("Dummy_Handler")));
  58:/home/preetham/work/projects/stm32f4-discovery-bare-metal/hello_world/src/stm32f4_vector.c **** void CAN1_SCE_IRQHandler(void) __attribute__ ((weak, alias ("Dummy_Handler")));
  59:/home/preetham/work/projects/stm32f4-discovery-bare-metal/hello_world/src/stm32f4_vector.c **** void EXTI9_5_IRQHandler(void) __attribute__ ((weak, alias ("Dummy_Handler")));
  60:/home/preetham/work/projects/stm32f4-discovery-bare-metal/hello_world/src/stm32f4_vector.c **** void TIM1_BRK_TIM9_IRQHandler(void) __attribute__ ((weak, alias ("Dummy_Handler")));
  61:/home/preetham/work/projects/stm32f4-discovery-bare-metal/hello_world/src/stm32f4_vector.c **** void TIM1_UP_TIM10_IRQHandler(void) __attribute__ ((weak, alias ("Dummy_Handler")));
  62:/home/preetham/work/projects/stm32f4-discovery-bare-metal/hello_world/src/stm32f4_vector.c **** void TIM1_TRG_COM_TIM11_IRQHandler(void) __attribute__ ((weak, alias ("Dummy_Handler")));
  63:/home/preetham/work/projects/stm32f4-discovery-bare-metal/hello_world/src/stm32f4_vector.c **** void TIM1_CC_IRQHandler(void) __attribute__ ((weak, alias ("Dummy_Handler")));
  64:/home/preetham/work/projects/stm32f4-discovery-bare-metal/hello_world/src/stm32f4_vector.c **** void TIM2_IRQHandler(void) __attribute__ ((weak, alias ("Dummy_Handler")));
  65:/home/preetham/work/projects/stm32f4-discovery-bare-metal/hello_world/src/stm32f4_vector.c **** void TIM3_IRQHandler(void) __attribute__ ((weak, alias ("Dummy_Handler")));
  66:/home/preetham/work/projects/stm32f4-discovery-bare-metal/hello_world/src/stm32f4_vector.c **** void TIM4_IRQHandler(void) __attribute__ ((weak, alias ("Dummy_Handler")));
  67:/home/preetham/work/projects/stm32f4-discovery-bare-metal/hello_world/src/stm32f4_vector.c **** void I2C1_EV_IRQHandler(void) __attribute__ ((weak, alias ("Dummy_Handler")));
  68:/home/preetham/work/projects/stm32f4-discovery-bare-metal/hello_world/src/stm32f4_vector.c **** void I2C1_ER_IRQHandler(void) __attribute__ ((weak, alias ("Dummy_Handler")));
  69:/home/preetham/work/projects/stm32f4-discovery-bare-metal/hello_world/src/stm32f4_vector.c **** void I2C2_EV_IRQHandler(void) __attribute__ ((weak, alias ("Dummy_Handler")));
  70:/home/preetham/work/projects/stm32f4-discovery-bare-metal/hello_world/src/stm32f4_vector.c **** void I2C2_ER_IRQHandler(void) __attribute__ ((weak, alias ("Dummy_Handler")));
  71:/home/preetham/work/projects/stm32f4-discovery-bare-metal/hello_world/src/stm32f4_vector.c **** void SPI1_IRQHandler(void) __attribute__ ((weak, alias ("Dummy_Handler")));
  72:/home/preetham/work/projects/stm32f4-discovery-bare-metal/hello_world/src/stm32f4_vector.c **** void SPI2_IRQHandler(void) __attribute__ ((weak, alias ("Dummy_Handler")));
  73:/home/preetham/work/projects/stm32f4-discovery-bare-metal/hello_world/src/stm32f4_vector.c **** void USART1_IRQHandler(void) __attribute__ ((weak, alias ("Dummy_Handler")));
  74:/home/preetham/work/projects/stm32f4-discovery-bare-metal/hello_world/src/stm32f4_vector.c **** void USART2_IRQHandler(void) __attribute__ ((weak, alias ("Dummy_Handler")));
  75:/home/preetham/work/projects/stm32f4-discovery-bare-metal/hello_world/src/stm32f4_vector.c **** void USART3_IRQHandler(void) __attribute__ ((weak, alias ("Dummy_Handler")));
  76:/home/preetham/work/projects/stm32f4-discovery-bare-metal/hello_world/src/stm32f4_vector.c **** void EXTI15_10_IRQHandler(void) __attribute__ ((weak, alias ("Dummy_Handler")));
  77:/home/preetham/work/projects/stm32f4-discovery-bare-metal/hello_world/src/stm32f4_vector.c **** void RTC_Alarm_IRQHandler(void) __attribute__ ((weak, alias ("Dummy_Handler")));
  78:/home/preetham/work/projects/stm32f4-discovery-bare-metal/hello_world/src/stm32f4_vector.c **** void OTG_FS_WKUP_IRQHandler(void) __attribute__ ((weak, alias ("Dummy_Handler")));
  79:/home/preetham/work/projects/stm32f4-discovery-bare-metal/hello_world/src/stm32f4_vector.c **** void TIM8_BRK_TIM12_IRQHandler(void) __attribute__ ((weak, alias ("Dummy_Handler")));
  80:/home/preetham/work/projects/stm32f4-discovery-bare-metal/hello_world/src/stm32f4_vector.c **** void TIM8_UP_TIM13_IRQHandler(void) __attribute__ ((weak, alias ("Dummy_Handler")));
  81:/home/preetham/work/projects/stm32f4-discovery-bare-metal/hello_world/src/stm32f4_vector.c **** void TIM8_TRG_COM_TIM14_IRQHandler(void) __attribute__ ((weak, alias ("Dummy_Handler")));
  82:/home/preetham/work/projects/stm32f4-discovery-bare-metal/hello_world/src/stm32f4_vector.c **** void TIM8_CC_IRQHandler(void) __attribute__ ((weak, alias ("Dummy_Handler")));
  83:/home/preetham/work/projects/stm32f4-discovery-bare-metal/hello_world/src/stm32f4_vector.c **** void DMA1_Stream7_IRQHandler(void) __attribute__ ((weak, alias ("Dummy_Handler")));
  84:/home/preetham/work/projects/stm32f4-discovery-bare-metal/hello_world/src/stm32f4_vector.c **** void FSMC_IRQHandler(void) __attribute__ ((weak, alias ("Dummy_Handler")));
  85:/home/preetham/work/projects/stm32f4-discovery-bare-metal/hello_world/src/stm32f4_vector.c **** void SDIO_IRQHandler(void) __attribute__ ((weak, alias ("Dummy_Handler")));
  86:/home/preetham/work/projects/stm32f4-discovery-bare-metal/hello_world/src/stm32f4_vector.c **** void TIM5_IRQHandler(void) __attribute__ ((weak, alias ("Dummy_Handler")));
  87:/home/preetham/work/projects/stm32f4-discovery-bare-metal/hello_world/src/stm32f4_vector.c **** void SPI3_IRQHandler(void) __attribute__ ((weak, alias ("Dummy_Handler")));
  88:/home/preetham/work/projects/stm32f4-discovery-bare-metal/hello_world/src/stm32f4_vector.c **** void UART4_IRQHandler(void) __attribute__ ((weak, alias ("Dummy_Handler")));
  89:/home/preetham/work/projects/stm32f4-discovery-bare-metal/hello_world/src/stm32f4_vector.c **** void UART5_IRQHandler(void) __attribute__ ((weak, alias ("Dummy_Handler")));
  90:/home/preetham/work/projects/stm32f4-discovery-bare-metal/hello_world/src/stm32f4_vector.c **** void TIM6_DAC_IRQHandler(void) __attribute__ ((weak, alias ("Dummy_Handler")));
  91:/home/preetham/work/projects/stm32f4-discovery-bare-metal/hello_world/src/stm32f4_vector.c **** void TIM7_IRQHandler(void) __attribute__ ((weak, alias ("Dummy_Handler")));
  92:/home/preetham/work/projects/stm32f4-discovery-bare-metal/hello_world/src/stm32f4_vector.c **** void DMA2_Stream0_IRQHandler(void) __attribute__ ((weak, alias ("Dummy_Handler")));
  93:/home/preetham/work/projects/stm32f4-discovery-bare-metal/hello_world/src/stm32f4_vector.c **** void DMA2_Stream1_IRQHandler(void) __attribute__ ((weak, alias ("Dummy_Handler")));
  94:/home/preetham/work/projects/stm32f4-discovery-bare-metal/hello_world/src/stm32f4_vector.c **** void DMA2_Stream2_IRQHandler(void) __attribute__ ((weak, alias ("Dummy_Handler")));
  95:/home/preetham/work/projects/stm32f4-discovery-bare-metal/hello_world/src/stm32f4_vector.c **** void DMA2_Stream3_IRQHandler(void) __attribute__ ((weak, alias ("Dummy_Handler")));
  96:/home/preetham/work/projects/stm32f4-discovery-bare-metal/hello_world/src/stm32f4_vector.c **** void DMA2_Stream4_IRQHandler(void) __attribute__ ((weak, alias ("Dummy_Handler")));
  97:/home/preetham/work/projects/stm32f4-discovery-bare-metal/hello_world/src/stm32f4_vector.c **** void ETH_IRQHandler(void) __attribute__ ((weak, alias ("Dummy_Handler")));
  98:/home/preetham/work/projects/stm32f4-discovery-bare-metal/hello_world/src/stm32f4_vector.c **** void ETH_WKUP_IRQHandler(void) __attribute__ ((weak, alias ("Dummy_Handler")));
  99:/home/preetham/work/projects/stm32f4-discovery-bare-metal/hello_world/src/stm32f4_vector.c **** void CAN2_TX_IRQHandler(void) __attribute__ ((weak, alias ("Dummy_Handler")));
 100:/home/preetham/work/projects/stm32f4-discovery-bare-metal/hello_world/src/stm32f4_vector.c **** void CAN2_RX0_IRQHandler(void) __attribute__ ((weak, alias ("Dummy_Handler")));
 101:/home/preetham/work/projects/stm32f4-discovery-bare-metal/hello_world/src/stm32f4_vector.c **** void CAN2_RX1_IRQHandler(void) __attribute__ ((weak, alias ("Dummy_Handler")));
 102:/home/preetham/work/projects/stm32f4-discovery-bare-metal/hello_world/src/stm32f4_vector.c **** void CAN2_SCE_IRQHandler(void) __attribute__ ((weak, alias ("Dummy_Handler")));
 103:/home/preetham/work/projects/stm32f4-discovery-bare-metal/hello_world/src/stm32f4_vector.c **** void OTG_FS_IRQHandler(void) __attribute__ ((weak, alias ("Dummy_Handler")));
 104:/home/preetham/work/projects/stm32f4-discovery-bare-metal/hello_world/src/stm32f4_vector.c **** void DMA2_Stream5_IRQHandler(void) __attribute__ ((weak, alias ("Dummy_Handler")));
 105:/home/preetham/work/projects/stm32f4-discovery-bare-metal/hello_world/src/stm32f4_vector.c **** void DMA2_Stream6_IRQHandler(void) __attribute__ ((weak, alias ("Dummy_Handler")));
 106:/home/preetham/work/projects/stm32f4-discovery-bare-metal/hello_world/src/stm32f4_vector.c **** void DMA2_Stream7_IRQHandler(void) __attribute__ ((weak, alias ("Dummy_Handler")));
 107:/home/preetham/work/projects/stm32f4-discovery-bare-metal/hello_world/src/stm32f4_vector.c **** void USART6_IRQHandler(void) __attribute__ ((weak, alias ("Dummy_Handler")));
 108:/home/preetham/work/projects/stm32f4-discovery-bare-metal/hello_world/src/stm32f4_vector.c **** void I2C3_EV_IRQHandler(void) __attribute__ ((weak, alias ("Dummy_Handler")));
 109:/home/preetham/work/projects/stm32f4-discovery-bare-metal/hello_world/src/stm32f4_vector.c **** void I2C3_ER_IRQHandler(void) __attribute__ ((weak, alias ("Dummy_Handler")));
 110:/home/preetham/work/projects/stm32f4-discovery-bare-metal/hello_world/src/stm32f4_vector.c **** void OTG_HS_EP1_OUT_IRQHandler(void) __attribute__ ((weak, alias ("Dummy_Handler")));
 111:/home/preetham/work/projects/stm32f4-discovery-bare-metal/hello_world/src/stm32f4_vector.c **** void OTG_HS_EP1_IN_IRQHandler(void) __attribute__ ((weak, alias ("Dummy_Handler")));
 112:/home/preetham/work/projects/stm32f4-discovery-bare-metal/hello_world/src/stm32f4_vector.c **** void OTG_HS_WKUP_IRQHandler(void) __attribute__ ((weak, alias ("Dummy_Handler")));
 113:/home/preetham/work/projects/stm32f4-discovery-bare-metal/hello_world/src/stm32f4_vector.c **** void OTG_HS_IRQHandler(void) __attribute__ ((weak, alias ("Dummy_Handler")));
 114:/home/preetham/work/projects/stm32f4-discovery-bare-metal/hello_world/src/stm32f4_vector.c **** void DCMI_IRQHandler(void) __attribute__ ((weak, alias ("Dummy_Handler")));
 115:/home/preetham/work/projects/stm32f4-discovery-bare-metal/hello_world/src/stm32f4_vector.c **** void CRYP_IRQHandler(void) __attribute__ ((weak, alias ("Dummy_Handler")));
 116:/home/preetham/work/projects/stm32f4-discovery-bare-metal/hello_world/src/stm32f4_vector.c **** void HASH_RNG_IRQHandler(void) __attribute__ ((weak, alias ("Dummy_Handler")));
 117:/home/preetham/work/projects/stm32f4-discovery-bare-metal/hello_world/src/stm32f4_vector.c **** void FPU_IRQHandler(void) __attribute__ ((weak, alias ("Dummy_Handler")));
 118:/home/preetham/work/projects/stm32f4-discovery-bare-metal/hello_world/src/stm32f4_vector.c **** 
 119:/home/preetham/work/projects/stm32f4-discovery-bare-metal/hello_world/src/stm32f4_vector.c **** 
 120:/home/preetham/work/projects/stm32f4-discovery-bare-metal/hello_world/src/stm32f4_vector.c **** /*=================================================================================================
 121:/home/preetham/work/projects/stm32f4-discovery-bare-metal/hello_world/src/stm32f4_vector.c ****   Exception vector table
 122:/home/preetham/work/projects/stm32f4-discovery-bare-metal/hello_world/src/stm32f4_vector.c **** 
 123:/home/preetham/work/projects/stm32f4-discovery-bare-metal/hello_world/src/stm32f4_vector.c ****   Description : It lists the exception vector entries, and their respective exception handlers.
 124:/home/preetham/work/projects/stm32f4-discovery-bare-metal/hello_world/src/stm32f4_vector.c **** ==================================================================================================*
 125:/home/preetham/work/projects/stm32f4-discovery-bare-metal/hello_world/src/stm32f4_vector.c **** 
 126:/home/preetham/work/projects/stm32f4-discovery-bare-metal/hello_world/src/stm32f4_vector.c **** __attribute__ ((section(".isr_vector")))
 127:/home/preetham/work/projects/stm32f4-discovery-bare-metal/hello_world/src/stm32f4_vector.c **** void (* const g_pfnVectors[])(void) =
 128:/home/preetham/work/projects/stm32f4-discovery-bare-metal/hello_world/src/stm32f4_vector.c **** {
 129:/home/preetham/work/projects/stm32f4-discovery-bare-metal/hello_world/src/stm32f4_vector.c ****   /* Predefined exception types of the ARM Cortex-M3/4 core. */
 130:/home/preetham/work/projects/stm32f4-discovery-bare-metal/hello_world/src/stm32f4_vector.c ****   (void (*)(void)) &_stack_start,
 131:/home/preetham/work/projects/stm32f4-discovery-bare-metal/hello_world/src/stm32f4_vector.c ****   Reset_Handler,
 132:/home/preetham/work/projects/stm32f4-discovery-bare-metal/hello_world/src/stm32f4_vector.c ****   NMI_Handler,
 133:/home/preetham/work/projects/stm32f4-discovery-bare-metal/hello_world/src/stm32f4_vector.c ****   HardFault_Handler,
 134:/home/preetham/work/projects/stm32f4-discovery-bare-metal/hello_world/src/stm32f4_vector.c ****   MemManage_Handler,
 135:/home/preetham/work/projects/stm32f4-discovery-bare-metal/hello_world/src/stm32f4_vector.c ****   BusFault_Handler,
 136:/home/preetham/work/projects/stm32f4-discovery-bare-metal/hello_world/src/stm32f4_vector.c ****   UsageFault_Handler,
 137:/home/preetham/work/projects/stm32f4-discovery-bare-metal/hello_world/src/stm32f4_vector.c ****   0,                                 /* Reserved */
 138:/home/preetham/work/projects/stm32f4-discovery-bare-metal/hello_world/src/stm32f4_vector.c ****   0,                                 /* Reserved */
 139:/home/preetham/work/projects/stm32f4-discovery-bare-metal/hello_world/src/stm32f4_vector.c ****   0,                                 /* Reserved */
 140:/home/preetham/work/projects/stm32f4-discovery-bare-metal/hello_world/src/stm32f4_vector.c ****   0,                                 /* Reserved */
 141:/home/preetham/work/projects/stm32f4-discovery-bare-metal/hello_world/src/stm32f4_vector.c ****   SVC_Handler,
 142:/home/preetham/work/projects/stm32f4-discovery-bare-metal/hello_world/src/stm32f4_vector.c ****   DebugMon_Handler,
 143:/home/preetham/work/projects/stm32f4-discovery-bare-metal/hello_world/src/stm32f4_vector.c ****   0,                                 /* Reserved */
 144:/home/preetham/work/projects/stm32f4-discovery-bare-metal/hello_world/src/stm32f4_vector.c ****   PendSV_Handler,
 145:/home/preetham/work/projects/stm32f4-discovery-bare-metal/hello_world/src/stm32f4_vector.c ****   SysTick_Handler,
 146:/home/preetham/work/projects/stm32f4-discovery-bare-metal/hello_world/src/stm32f4_vector.c **** 
 147:/home/preetham/work/projects/stm32f4-discovery-bare-metal/hello_world/src/stm32f4_vector.c ****   /* External interrupts - IRQs (0 - 239)
 148:/home/preetham/work/projects/stm32f4-discovery-bare-metal/hello_world/src/stm32f4_vector.c ****    * The number of external interrupt inputs is defined by chip manufacturers. A maximum of 240 ext
 149:/home/preetham/work/projects/stm32f4-discovery-bare-metal/hello_world/src/stm32f4_vector.c ****    * be supported. In addition, the Cortex-M3/4 also has an NMI interrupt input. When it is asserte
 150:/home/preetham/work/projects/stm32f4-discovery-bare-metal/hello_world/src/stm32f4_vector.c ****    * unconditionally.
 151:/home/preetham/work/projects/stm32f4-discovery-bare-metal/hello_world/src/stm32f4_vector.c ****    */
 152:/home/preetham/work/projects/stm32f4-discovery-bare-metal/hello_world/src/stm32f4_vector.c **** 
 153:/home/preetham/work/projects/stm32f4-discovery-bare-metal/hello_world/src/stm32f4_vector.c ****   /* External Interrupts */
 154:/home/preetham/work/projects/stm32f4-discovery-bare-metal/hello_world/src/stm32f4_vector.c ****   WWDG_IRQHandler,                   /* Window WatchDog              */                            
 155:/home/preetham/work/projects/stm32f4-discovery-bare-metal/hello_world/src/stm32f4_vector.c ****   PVD_IRQHandler,                    /* PVD through EXTI Line detection */                        
 156:/home/preetham/work/projects/stm32f4-discovery-bare-metal/hello_world/src/stm32f4_vector.c ****   TAMP_STAMP_IRQHandler,             /* Tamper and TimeStamps through the EXTI line */            
 157:/home/preetham/work/projects/stm32f4-discovery-bare-metal/hello_world/src/stm32f4_vector.c ****   RTC_WKUP_IRQHandler,               /* RTC Wakeup through the EXTI line */                      
 158:/home/preetham/work/projects/stm32f4-discovery-bare-metal/hello_world/src/stm32f4_vector.c ****   FLASH_IRQHandler,                  /* FLASH                        */                            
 159:/home/preetham/work/projects/stm32f4-discovery-bare-metal/hello_world/src/stm32f4_vector.c ****   RCC_IRQHandler,                    /* RCC                          */                            
 160:/home/preetham/work/projects/stm32f4-discovery-bare-metal/hello_world/src/stm32f4_vector.c ****   EXTI0_IRQHandler,                  /* EXTI Line0                   */                        
 161:/home/preetham/work/projects/stm32f4-discovery-bare-metal/hello_world/src/stm32f4_vector.c ****   EXTI1_IRQHandler,                  /* EXTI Line1                   */                          
 162:/home/preetham/work/projects/stm32f4-discovery-bare-metal/hello_world/src/stm32f4_vector.c ****   EXTI2_IRQHandler,                  /* EXTI Line2                   */                          
 163:/home/preetham/work/projects/stm32f4-discovery-bare-metal/hello_world/src/stm32f4_vector.c ****   EXTI3_IRQHandler,                  /* EXTI Line3                   */                          
 164:/home/preetham/work/projects/stm32f4-discovery-bare-metal/hello_world/src/stm32f4_vector.c ****   EXTI4_IRQHandler,                  /* EXTI Line4                   */                          
 165:/home/preetham/work/projects/stm32f4-discovery-bare-metal/hello_world/src/stm32f4_vector.c ****   DMA1_Stream0_IRQHandler,           /* DMA1 Stream 0                */                  
 166:/home/preetham/work/projects/stm32f4-discovery-bare-metal/hello_world/src/stm32f4_vector.c ****   DMA1_Stream1_IRQHandler,           /* DMA1 Stream 1                */                   
 167:/home/preetham/work/projects/stm32f4-discovery-bare-metal/hello_world/src/stm32f4_vector.c ****   DMA1_Stream2_IRQHandler,           /* DMA1 Stream 2                */                   
 168:/home/preetham/work/projects/stm32f4-discovery-bare-metal/hello_world/src/stm32f4_vector.c ****   DMA1_Stream3_IRQHandler,           /* DMA1 Stream 3                */                   
 169:/home/preetham/work/projects/stm32f4-discovery-bare-metal/hello_world/src/stm32f4_vector.c ****   DMA1_Stream4_IRQHandler,           /* DMA1 Stream 4                */                   
 170:/home/preetham/work/projects/stm32f4-discovery-bare-metal/hello_world/src/stm32f4_vector.c ****   DMA1_Stream5_IRQHandler,           /* DMA1 Stream 5                */                   
 171:/home/preetham/work/projects/stm32f4-discovery-bare-metal/hello_world/src/stm32f4_vector.c ****   DMA1_Stream6_IRQHandler,           /* DMA1 Stream 6                */                   
 172:/home/preetham/work/projects/stm32f4-discovery-bare-metal/hello_world/src/stm32f4_vector.c ****   ADC_IRQHandler,                    /* ADC1, ADC2 and ADC3s         */                   
 173:/home/preetham/work/projects/stm32f4-discovery-bare-metal/hello_world/src/stm32f4_vector.c ****   CAN1_TX_IRQHandler,                /* CAN1 TX                      */                         
 174:/home/preetham/work/projects/stm32f4-discovery-bare-metal/hello_world/src/stm32f4_vector.c ****   CAN1_RX0_IRQHandler,               /* CAN1 RX0                     */                          
 175:/home/preetham/work/projects/stm32f4-discovery-bare-metal/hello_world/src/stm32f4_vector.c ****   CAN1_RX1_IRQHandler,               /* CAN1 RX1                     */                          
 176:/home/preetham/work/projects/stm32f4-discovery-bare-metal/hello_world/src/stm32f4_vector.c ****   CAN1_SCE_IRQHandler,               /* CAN1 SCE                     */                          
 177:/home/preetham/work/projects/stm32f4-discovery-bare-metal/hello_world/src/stm32f4_vector.c ****   EXTI9_5_IRQHandler,                /* External Line[9:5]s          */                          
 178:/home/preetham/work/projects/stm32f4-discovery-bare-metal/hello_world/src/stm32f4_vector.c ****   TIM1_BRK_TIM9_IRQHandler,          /* TIM1 Break and TIM9          */         
 179:/home/preetham/work/projects/stm32f4-discovery-bare-metal/hello_world/src/stm32f4_vector.c ****   TIM1_UP_TIM10_IRQHandler,          /* TIM1 Update and TIM10        */         
 180:/home/preetham/work/projects/stm32f4-discovery-bare-metal/hello_world/src/stm32f4_vector.c ****   TIM1_TRG_COM_TIM11_IRQHandler,     /* TIM1 Trigger and Commutation and TIM11 */
 181:/home/preetham/work/projects/stm32f4-discovery-bare-metal/hello_world/src/stm32f4_vector.c ****   TIM1_CC_IRQHandler,                /* TIM1 Capture Compare         */                          
 182:/home/preetham/work/projects/stm32f4-discovery-bare-metal/hello_world/src/stm32f4_vector.c ****   TIM2_IRQHandler,                   /* TIM2                         */                   
 183:/home/preetham/work/projects/stm32f4-discovery-bare-metal/hello_world/src/stm32f4_vector.c ****   TIM3_IRQHandler,                   /* TIM3                         */                   
 184:/home/preetham/work/projects/stm32f4-discovery-bare-metal/hello_world/src/stm32f4_vector.c ****   TIM4_IRQHandler,                   /* TIM4                         */                   
 185:/home/preetham/work/projects/stm32f4-discovery-bare-metal/hello_world/src/stm32f4_vector.c ****   I2C1_EV_IRQHandler,                /* I2C1 Event                   */                          
 186:/home/preetham/work/projects/stm32f4-discovery-bare-metal/hello_world/src/stm32f4_vector.c ****   I2C1_ER_IRQHandler,                /* I2C1 Error                   */                          
 187:/home/preetham/work/projects/stm32f4-discovery-bare-metal/hello_world/src/stm32f4_vector.c ****   I2C2_EV_IRQHandler,                /* I2C2 Event                   */                          
 188:/home/preetham/work/projects/stm32f4-discovery-bare-metal/hello_world/src/stm32f4_vector.c ****   I2C2_ER_IRQHandler,                /* I2C2 Error                   */                            
 189:/home/preetham/work/projects/stm32f4-discovery-bare-metal/hello_world/src/stm32f4_vector.c ****   SPI1_IRQHandler,                   /* SPI1                         */                   
 190:/home/preetham/work/projects/stm32f4-discovery-bare-metal/hello_world/src/stm32f4_vector.c ****   SPI2_IRQHandler,                   /* SPI2                         */                   
 191:/home/preetham/work/projects/stm32f4-discovery-bare-metal/hello_world/src/stm32f4_vector.c ****   USART1_IRQHandler,                 /* USART1                       */                   
 192:/home/preetham/work/projects/stm32f4-discovery-bare-metal/hello_world/src/stm32f4_vector.c ****   USART2_IRQHandler,                 /* USART2                       */                   
 193:/home/preetham/work/projects/stm32f4-discovery-bare-metal/hello_world/src/stm32f4_vector.c ****   USART3_IRQHandler,                 /* USART3                       */                   
 194:/home/preetham/work/projects/stm32f4-discovery-bare-metal/hello_world/src/stm32f4_vector.c ****   EXTI15_10_IRQHandler,              /* External Line[15:10]s        */                          
 195:/home/preetham/work/projects/stm32f4-discovery-bare-metal/hello_world/src/stm32f4_vector.c ****   RTC_Alarm_IRQHandler,              /* RTC Alarm (A and B) through EXTI Line */                 
 196:/home/preetham/work/projects/stm32f4-discovery-bare-metal/hello_world/src/stm32f4_vector.c ****   OTG_FS_WKUP_IRQHandler,            /* USB OTG FS Wakeup through EXTI line */                     
 197:/home/preetham/work/projects/stm32f4-discovery-bare-metal/hello_world/src/stm32f4_vector.c ****   TIM8_BRK_TIM12_IRQHandler,         /* TIM8 Break and TIM12         */         
 198:/home/preetham/work/projects/stm32f4-discovery-bare-metal/hello_world/src/stm32f4_vector.c ****   TIM8_UP_TIM13_IRQHandler,          /* TIM8 Update and TIM13        */         
 199:/home/preetham/work/projects/stm32f4-discovery-bare-metal/hello_world/src/stm32f4_vector.c ****   TIM8_TRG_COM_TIM14_IRQHandler,     /* TIM8 Trigger and Commutation and TIM14 */
 200:/home/preetham/work/projects/stm32f4-discovery-bare-metal/hello_world/src/stm32f4_vector.c ****   TIM8_CC_IRQHandler,                /* TIM8 Capture Compare         */                          
 201:/home/preetham/work/projects/stm32f4-discovery-bare-metal/hello_world/src/stm32f4_vector.c ****   DMA1_Stream7_IRQHandler,           /* DMA1 Stream7                 */                          
 202:/home/preetham/work/projects/stm32f4-discovery-bare-metal/hello_world/src/stm32f4_vector.c ****   FSMC_IRQHandler,                   /* FSMC                         */                   
 203:/home/preetham/work/projects/stm32f4-discovery-bare-metal/hello_world/src/stm32f4_vector.c ****   SDIO_IRQHandler,                   /* SDIO                         */                   
 204:/home/preetham/work/projects/stm32f4-discovery-bare-metal/hello_world/src/stm32f4_vector.c ****   TIM5_IRQHandler,                   /* TIM5                         */                   
 205:/home/preetham/work/projects/stm32f4-discovery-bare-metal/hello_world/src/stm32f4_vector.c ****   SPI3_IRQHandler,                   /* SPI3                         */                   
 206:/home/preetham/work/projects/stm32f4-discovery-bare-metal/hello_world/src/stm32f4_vector.c ****   UART4_IRQHandler,                  /* UART4                        */                   
 207:/home/preetham/work/projects/stm32f4-discovery-bare-metal/hello_world/src/stm32f4_vector.c ****   UART5_IRQHandler,                  /* UART5                        */                   
 208:/home/preetham/work/projects/stm32f4-discovery-bare-metal/hello_world/src/stm32f4_vector.c ****   TIM6_DAC_IRQHandler,               /* TIM6 and DAC1&2 underrun errors */                   
 209:/home/preetham/work/projects/stm32f4-discovery-bare-metal/hello_world/src/stm32f4_vector.c ****   TIM7_IRQHandler,                   /* TIM7                         */
 210:/home/preetham/work/projects/stm32f4-discovery-bare-metal/hello_world/src/stm32f4_vector.c ****   DMA2_Stream0_IRQHandler,           /* DMA2 Stream 0                */                   
 211:/home/preetham/work/projects/stm32f4-discovery-bare-metal/hello_world/src/stm32f4_vector.c ****   DMA2_Stream1_IRQHandler,           /* DMA2 Stream 1                */                   
 212:/home/preetham/work/projects/stm32f4-discovery-bare-metal/hello_world/src/stm32f4_vector.c ****   DMA2_Stream2_IRQHandler,           /* DMA2 Stream 2                */                   
 213:/home/preetham/work/projects/stm32f4-discovery-bare-metal/hello_world/src/stm32f4_vector.c ****   DMA2_Stream3_IRQHandler,           /* DMA2 Stream 3                */                   
 214:/home/preetham/work/projects/stm32f4-discovery-bare-metal/hello_world/src/stm32f4_vector.c ****   DMA2_Stream4_IRQHandler,           /* DMA2 Stream 4                */                   
 215:/home/preetham/work/projects/stm32f4-discovery-bare-metal/hello_world/src/stm32f4_vector.c ****   ETH_IRQHandler,                    /* Ethernet                     */                   
 216:/home/preetham/work/projects/stm32f4-discovery-bare-metal/hello_world/src/stm32f4_vector.c ****   ETH_WKUP_IRQHandler,               /* Ethernet Wakeup through EXTI line */                     
 217:/home/preetham/work/projects/stm32f4-discovery-bare-metal/hello_world/src/stm32f4_vector.c ****   CAN2_TX_IRQHandler,                /* CAN2 TX                      */                          
 218:/home/preetham/work/projects/stm32f4-discovery-bare-metal/hello_world/src/stm32f4_vector.c ****   CAN2_RX0_IRQHandler,               /* CAN2 RX0                     */                          
 219:/home/preetham/work/projects/stm32f4-discovery-bare-metal/hello_world/src/stm32f4_vector.c ****   CAN2_RX1_IRQHandler,               /* CAN2 RX1                     */                          
 220:/home/preetham/work/projects/stm32f4-discovery-bare-metal/hello_world/src/stm32f4_vector.c ****   CAN2_SCE_IRQHandler,               /* CAN2 SCE                     */                          
 221:/home/preetham/work/projects/stm32f4-discovery-bare-metal/hello_world/src/stm32f4_vector.c ****   OTG_FS_IRQHandler,                 /* USB OTG FS                   */                   
 222:/home/preetham/work/projects/stm32f4-discovery-bare-metal/hello_world/src/stm32f4_vector.c ****   DMA2_Stream5_IRQHandler,           /* DMA2 Stream 5                */                   
 223:/home/preetham/work/projects/stm32f4-discovery-bare-metal/hello_world/src/stm32f4_vector.c ****   DMA2_Stream6_IRQHandler,           /* DMA2 Stream 6                */                   
 224:/home/preetham/work/projects/stm32f4-discovery-bare-metal/hello_world/src/stm32f4_vector.c ****   DMA2_Stream7_IRQHandler,           /* DMA2 Stream 7                */                   
 225:/home/preetham/work/projects/stm32f4-discovery-bare-metal/hello_world/src/stm32f4_vector.c ****   USART6_IRQHandler,                 /* USART6                       */                    
 226:/home/preetham/work/projects/stm32f4-discovery-bare-metal/hello_world/src/stm32f4_vector.c ****   I2C3_EV_IRQHandler,                /* I2C3 event                   */                          
 227:/home/preetham/work/projects/stm32f4-discovery-bare-metal/hello_world/src/stm32f4_vector.c ****   I2C3_ER_IRQHandler,                /* I2C3 error                   */                          
 228:/home/preetham/work/projects/stm32f4-discovery-bare-metal/hello_world/src/stm32f4_vector.c ****   OTG_HS_EP1_OUT_IRQHandler,         /* USB OTG HS End Point 1 Out   */                   
 229:/home/preetham/work/projects/stm32f4-discovery-bare-metal/hello_world/src/stm32f4_vector.c ****   OTG_HS_EP1_IN_IRQHandler,          /* USB OTG HS End Point 1 In    */                   
 230:/home/preetham/work/projects/stm32f4-discovery-bare-metal/hello_world/src/stm32f4_vector.c ****   OTG_HS_WKUP_IRQHandler,            /* USB OTG HS Wakeup through EXTI */                         
 231:/home/preetham/work/projects/stm32f4-discovery-bare-metal/hello_world/src/stm32f4_vector.c ****   OTG_HS_IRQHandler,                 /* USB OTG HS                   */                   
 232:/home/preetham/work/projects/stm32f4-discovery-bare-metal/hello_world/src/stm32f4_vector.c ****   DCMI_IRQHandler,                   /* DCMI                         */                   
 233:/home/preetham/work/projects/stm32f4-discovery-bare-metal/hello_world/src/stm32f4_vector.c ****   CRYP_IRQHandler,                   /* CRYP crypto                  */                   
 234:/home/preetham/work/projects/stm32f4-discovery-bare-metal/hello_world/src/stm32f4_vector.c ****   HASH_RNG_IRQHandler,               /* Hash and Rng                 */
 235:/home/preetham/work/projects/stm32f4-discovery-bare-metal/hello_world/src/stm32f4_vector.c ****   FPU_IRQHandler                     /* FPU                          */
 236:/home/preetham/work/projects/stm32f4-discovery-bare-metal/hello_world/src/stm32f4_vector.c **** };
 237:/home/preetham/work/projects/stm32f4-discovery-bare-metal/hello_world/src/stm32f4_vector.c **** 
 238:/home/preetham/work/projects/stm32f4-discovery-bare-metal/hello_world/src/stm32f4_vector.c **** /*=================================================================================================
 239:/home/preetham/work/projects/stm32f4-discovery-bare-metal/hello_world/src/stm32f4_vector.c ****   Function    : Dummy_Handler
 240:/home/preetham/work/projects/stm32f4-discovery-bare-metal/hello_world/src/stm32f4_vector.c **** 
 241:/home/preetham/work/projects/stm32f4-discovery-bare-metal/hello_world/src/stm32f4_vector.c ****   Description : Default interrupt handler.
 242:/home/preetham/work/projects/stm32f4-discovery-bare-metal/hello_world/src/stm32f4_vector.c **** 
 243:/home/preetham/work/projects/stm32f4-discovery-bare-metal/hello_world/src/stm32f4_vector.c ****   Parameters  : None
 244:/home/preetham/work/projects/stm32f4-discovery-bare-metal/hello_world/src/stm32f4_vector.c **** 
 245:/home/preetham/work/projects/stm32f4-discovery-bare-metal/hello_world/src/stm32f4_vector.c ****   Returns     : None
 246:/home/preetham/work/projects/stm32f4-discovery-bare-metal/hello_world/src/stm32f4_vector.c **** ==================================================================================================*
 247:/home/preetham/work/projects/stm32f4-discovery-bare-metal/hello_world/src/stm32f4_vector.c **** 
 248:/home/preetham/work/projects/stm32f4-discovery-bare-metal/hello_world/src/stm32f4_vector.c **** void Dummy_Handler(void)
 249:/home/preetham/work/projects/stm32f4-discovery-bare-metal/hello_world/src/stm32f4_vector.c **** {
 176              		.loc 1 249 0
 177              		.cfi_startproc
 178              		@ args = 0, pretend = 0, frame = 0
 179              		@ frame_needed = 1, uses_anonymous_args = 0
 180              		@ link register save eliminated.
 181 0000 80B4     		push	{r7}	@
 182              		.cfi_def_cfa_offset 4
 183              		.cfi_offset 7, -4
 184 0002 00AF     		add	r7, sp, #0	@,,
 185              		.cfi_def_cfa_register 7
 250:/home/preetham/work/projects/stm32f4-discovery-bare-metal/hello_world/src/stm32f4_vector.c **** 
 251:/home/preetham/work/projects/stm32f4-discovery-bare-metal/hello_world/src/stm32f4_vector.c **** }
 186              		.loc 1 251 0
 187 0004 BD46     		mov	sp, r7	@,
 188              		@ sp needed	@
 189 0006 5DF8047B 		ldr	r7, [sp], #4	@,
 190 000a 7047     		bx	lr	@
 191              		.cfi_endproc
 192              	.LFE0:
 194              		.weak	NMI_Handler
 195              		.thumb_set NMI_Handler,Dummy_Handler
 196              		.weak	HardFault_Handler
 197              		.thumb_set HardFault_Handler,Dummy_Handler
 198              		.weak	MemManage_Handler
 199              		.thumb_set MemManage_Handler,Dummy_Handler
 200              		.weak	BusFault_Handler
 201              		.thumb_set BusFault_Handler,Dummy_Handler
 202              		.weak	UsageFault_Handler
 203              		.thumb_set UsageFault_Handler,Dummy_Handler
 204              		.weak	SVC_Handler
 205              		.thumb_set SVC_Handler,Dummy_Handler
 206              		.weak	DebugMon_Handler
 207              		.thumb_set DebugMon_Handler,Dummy_Handler
 208              		.weak	PendSV_Handler
 209              		.thumb_set PendSV_Handler,Dummy_Handler
 210              		.weak	SysTick_Handler
 211              		.thumb_set SysTick_Handler,Dummy_Handler
 212              		.weak	WWDG_IRQHandler
 213              		.thumb_set WWDG_IRQHandler,Dummy_Handler
 214              		.weak	PVD_IRQHandler
 215              		.thumb_set PVD_IRQHandler,Dummy_Handler
 216              		.weak	TAMP_STAMP_IRQHandler
 217              		.thumb_set TAMP_STAMP_IRQHandler,Dummy_Handler
 218              		.weak	RTC_WKUP_IRQHandler
 219              		.thumb_set RTC_WKUP_IRQHandler,Dummy_Handler
 220              		.weak	FLASH_IRQHandler
 221              		.thumb_set FLASH_IRQHandler,Dummy_Handler
 222              		.weak	RCC_IRQHandler
 223              		.thumb_set RCC_IRQHandler,Dummy_Handler
 224              		.weak	EXTI0_IRQHandler
 225              		.thumb_set EXTI0_IRQHandler,Dummy_Handler
 226              		.weak	EXTI1_IRQHandler
 227              		.thumb_set EXTI1_IRQHandler,Dummy_Handler
 228              		.weak	EXTI2_IRQHandler
 229              		.thumb_set EXTI2_IRQHandler,Dummy_Handler
 230              		.weak	EXTI3_IRQHandler
 231              		.thumb_set EXTI3_IRQHandler,Dummy_Handler
 232              		.weak	EXTI4_IRQHandler
 233              		.thumb_set EXTI4_IRQHandler,Dummy_Handler
 234              		.weak	DMA1_Stream0_IRQHandler
 235              		.thumb_set DMA1_Stream0_IRQHandler,Dummy_Handler
 236              		.weak	DMA1_Stream1_IRQHandler
 237              		.thumb_set DMA1_Stream1_IRQHandler,Dummy_Handler
 238              		.weak	DMA1_Stream2_IRQHandler
 239              		.thumb_set DMA1_Stream2_IRQHandler,Dummy_Handler
 240              		.weak	DMA1_Stream3_IRQHandler
 241              		.thumb_set DMA1_Stream3_IRQHandler,Dummy_Handler
 242              		.weak	DMA1_Stream4_IRQHandler
 243              		.thumb_set DMA1_Stream4_IRQHandler,Dummy_Handler
 244              		.weak	DMA1_Stream5_IRQHandler
 245              		.thumb_set DMA1_Stream5_IRQHandler,Dummy_Handler
 246              		.weak	DMA1_Stream6_IRQHandler
 247              		.thumb_set DMA1_Stream6_IRQHandler,Dummy_Handler
 248              		.weak	ADC_IRQHandler
 249              		.thumb_set ADC_IRQHandler,Dummy_Handler
 250              		.weak	CAN1_TX_IRQHandler
 251              		.thumb_set CAN1_TX_IRQHandler,Dummy_Handler
 252              		.weak	CAN1_RX0_IRQHandler
 253              		.thumb_set CAN1_RX0_IRQHandler,Dummy_Handler
 254              		.weak	CAN1_RX1_IRQHandler
 255              		.thumb_set CAN1_RX1_IRQHandler,Dummy_Handler
 256              		.weak	CAN1_SCE_IRQHandler
 257              		.thumb_set CAN1_SCE_IRQHandler,Dummy_Handler
 258              		.weak	EXTI9_5_IRQHandler
 259              		.thumb_set EXTI9_5_IRQHandler,Dummy_Handler
 260              		.weak	TIM1_BRK_TIM9_IRQHandler
 261              		.thumb_set TIM1_BRK_TIM9_IRQHandler,Dummy_Handler
 262              		.weak	TIM1_UP_TIM10_IRQHandler
 263              		.thumb_set TIM1_UP_TIM10_IRQHandler,Dummy_Handler
 264              		.weak	TIM1_TRG_COM_TIM11_IRQHandler
 265              		.thumb_set TIM1_TRG_COM_TIM11_IRQHandler,Dummy_Handler
 266              		.weak	TIM1_CC_IRQHandler
 267              		.thumb_set TIM1_CC_IRQHandler,Dummy_Handler
 268              		.weak	TIM2_IRQHandler
 269              		.thumb_set TIM2_IRQHandler,Dummy_Handler
 270              		.weak	TIM3_IRQHandler
 271              		.thumb_set TIM3_IRQHandler,Dummy_Handler
 272              		.weak	TIM4_IRQHandler
 273              		.thumb_set TIM4_IRQHandler,Dummy_Handler
 274              		.weak	I2C1_EV_IRQHandler
 275              		.thumb_set I2C1_EV_IRQHandler,Dummy_Handler
 276              		.weak	I2C1_ER_IRQHandler
 277              		.thumb_set I2C1_ER_IRQHandler,Dummy_Handler
 278              		.weak	I2C2_EV_IRQHandler
 279              		.thumb_set I2C2_EV_IRQHandler,Dummy_Handler
 280              		.weak	I2C2_ER_IRQHandler
 281              		.thumb_set I2C2_ER_IRQHandler,Dummy_Handler
 282              		.weak	SPI1_IRQHandler
 283              		.thumb_set SPI1_IRQHandler,Dummy_Handler
 284              		.weak	SPI2_IRQHandler
 285              		.thumb_set SPI2_IRQHandler,Dummy_Handler
 286              		.weak	USART1_IRQHandler
 287              		.thumb_set USART1_IRQHandler,Dummy_Handler
 288              		.weak	USART2_IRQHandler
 289              		.thumb_set USART2_IRQHandler,Dummy_Handler
 290              		.weak	USART3_IRQHandler
 291              		.thumb_set USART3_IRQHandler,Dummy_Handler
 292              		.weak	EXTI15_10_IRQHandler
 293              		.thumb_set EXTI15_10_IRQHandler,Dummy_Handler
 294              		.weak	RTC_Alarm_IRQHandler
 295              		.thumb_set RTC_Alarm_IRQHandler,Dummy_Handler
 296              		.weak	OTG_FS_WKUP_IRQHandler
 297              		.thumb_set OTG_FS_WKUP_IRQHandler,Dummy_Handler
 298              		.weak	TIM8_BRK_TIM12_IRQHandler
 299              		.thumb_set TIM8_BRK_TIM12_IRQHandler,Dummy_Handler
 300              		.weak	TIM8_UP_TIM13_IRQHandler
 301              		.thumb_set TIM8_UP_TIM13_IRQHandler,Dummy_Handler
 302              		.weak	TIM8_TRG_COM_TIM14_IRQHandler
 303              		.thumb_set TIM8_TRG_COM_TIM14_IRQHandler,Dummy_Handler
 304              		.weak	TIM8_CC_IRQHandler
 305              		.thumb_set TIM8_CC_IRQHandler,Dummy_Handler
 306              		.weak	DMA1_Stream7_IRQHandler
 307              		.thumb_set DMA1_Stream7_IRQHandler,Dummy_Handler
 308              		.weak	FSMC_IRQHandler
 309              		.thumb_set FSMC_IRQHandler,Dummy_Handler
 310              		.weak	SDIO_IRQHandler
 311              		.thumb_set SDIO_IRQHandler,Dummy_Handler
 312              		.weak	TIM5_IRQHandler
 313              		.thumb_set TIM5_IRQHandler,Dummy_Handler
 314              		.weak	SPI3_IRQHandler
 315              		.thumb_set SPI3_IRQHandler,Dummy_Handler
 316              		.weak	UART4_IRQHandler
 317              		.thumb_set UART4_IRQHandler,Dummy_Handler
 318              		.weak	UART5_IRQHandler
 319              		.thumb_set UART5_IRQHandler,Dummy_Handler
 320              		.weak	TIM6_DAC_IRQHandler
 321              		.thumb_set TIM6_DAC_IRQHandler,Dummy_Handler
 322              		.weak	TIM7_IRQHandler
 323              		.thumb_set TIM7_IRQHandler,Dummy_Handler
 324              		.weak	DMA2_Stream0_IRQHandler
 325              		.thumb_set DMA2_Stream0_IRQHandler,Dummy_Handler
 326              		.weak	DMA2_Stream1_IRQHandler
 327              		.thumb_set DMA2_Stream1_IRQHandler,Dummy_Handler
 328              		.weak	DMA2_Stream2_IRQHandler
 329              		.thumb_set DMA2_Stream2_IRQHandler,Dummy_Handler
 330              		.weak	DMA2_Stream3_IRQHandler
 331              		.thumb_set DMA2_Stream3_IRQHandler,Dummy_Handler
 332              		.weak	DMA2_Stream4_IRQHandler
 333              		.thumb_set DMA2_Stream4_IRQHandler,Dummy_Handler
 334              		.weak	ETH_IRQHandler
 335              		.thumb_set ETH_IRQHandler,Dummy_Handler
 336              		.weak	ETH_WKUP_IRQHandler
 337              		.thumb_set ETH_WKUP_IRQHandler,Dummy_Handler
 338              		.weak	CAN2_TX_IRQHandler
 339              		.thumb_set CAN2_TX_IRQHandler,Dummy_Handler
 340              		.weak	CAN2_RX0_IRQHandler
 341              		.thumb_set CAN2_RX0_IRQHandler,Dummy_Handler
 342              		.weak	CAN2_RX1_IRQHandler
 343              		.thumb_set CAN2_RX1_IRQHandler,Dummy_Handler
 344              		.weak	CAN2_SCE_IRQHandler
 345              		.thumb_set CAN2_SCE_IRQHandler,Dummy_Handler
 346              		.weak	OTG_FS_IRQHandler
 347              		.thumb_set OTG_FS_IRQHandler,Dummy_Handler
 348              		.weak	DMA2_Stream5_IRQHandler
 349              		.thumb_set DMA2_Stream5_IRQHandler,Dummy_Handler
 350              		.weak	DMA2_Stream6_IRQHandler
 351              		.thumb_set DMA2_Stream6_IRQHandler,Dummy_Handler
 352              		.weak	DMA2_Stream7_IRQHandler
 353              		.thumb_set DMA2_Stream7_IRQHandler,Dummy_Handler
 354              		.weak	USART6_IRQHandler
 355              		.thumb_set USART6_IRQHandler,Dummy_Handler
 356              		.weak	I2C3_EV_IRQHandler
 357              		.thumb_set I2C3_EV_IRQHandler,Dummy_Handler
 358              		.weak	I2C3_ER_IRQHandler
 359              		.thumb_set I2C3_ER_IRQHandler,Dummy_Handler
 360              		.weak	OTG_HS_EP1_OUT_IRQHandler
 361              		.thumb_set OTG_HS_EP1_OUT_IRQHandler,Dummy_Handler
 362              		.weak	OTG_HS_EP1_IN_IRQHandler
 363              		.thumb_set OTG_HS_EP1_IN_IRQHandler,Dummy_Handler
 364              		.weak	OTG_HS_WKUP_IRQHandler
 365              		.thumb_set OTG_HS_WKUP_IRQHandler,Dummy_Handler
 366              		.weak	OTG_HS_IRQHandler
 367              		.thumb_set OTG_HS_IRQHandler,Dummy_Handler
 368              		.weak	DCMI_IRQHandler
 369              		.thumb_set DCMI_IRQHandler,Dummy_Handler
 370              		.weak	CRYP_IRQHandler
 371              		.thumb_set CRYP_IRQHandler,Dummy_Handler
 372              		.weak	HASH_RNG_IRQHandler
 373              		.thumb_set HASH_RNG_IRQHandler,Dummy_Handler
 374              		.weak	FPU_IRQHandler
 375              		.thumb_set FPU_IRQHandler,Dummy_Handler
 376              	.Letext0:
 377              		.file 2 "/home/preetham/work/projects/stm32f4-discovery-bare-metal/hello_world/project/stm32f4_lin
DEFINED SYMBOLS
                            *ABS*:00000000 stm32f4_vector.c
     /tmp/ccYVycRn.s:68     .isr_vector:00000000 g_pfnVectors
     /tmp/ccYVycRn.s:65     .isr_vector:00000000 $d
     /tmp/ccYVycRn.s:173    .text:00000000 NMI_Handler
     /tmp/ccYVycRn.s:173    .text:00000000 HardFault_Handler
     /tmp/ccYVycRn.s:173    .text:00000000 MemManage_Handler
     /tmp/ccYVycRn.s:173    .text:00000000 BusFault_Handler
     /tmp/ccYVycRn.s:173    .text:00000000 UsageFault_Handler
     /tmp/ccYVycRn.s:173    .text:00000000 SVC_Handler
     /tmp/ccYVycRn.s:173    .text:00000000 DebugMon_Handler
     /tmp/ccYVycRn.s:173    .text:00000000 PendSV_Handler
     /tmp/ccYVycRn.s:173    .text:00000000 SysTick_Handler
     /tmp/ccYVycRn.s:173    .text:00000000 WWDG_IRQHandler
     /tmp/ccYVycRn.s:173    .text:00000000 PVD_IRQHandler
     /tmp/ccYVycRn.s:173    .text:00000000 TAMP_STAMP_IRQHandler
     /tmp/ccYVycRn.s:173    .text:00000000 RTC_WKUP_IRQHandler
     /tmp/ccYVycRn.s:173    .text:00000000 FLASH_IRQHandler
     /tmp/ccYVycRn.s:173    .text:00000000 RCC_IRQHandler
     /tmp/ccYVycRn.s:173    .text:00000000 EXTI0_IRQHandler
     /tmp/ccYVycRn.s:173    .text:00000000 EXTI1_IRQHandler
     /tmp/ccYVycRn.s:173    .text:00000000 EXTI2_IRQHandler
     /tmp/ccYVycRn.s:173    .text:00000000 EXTI3_IRQHandler
     /tmp/ccYVycRn.s:173    .text:00000000 EXTI4_IRQHandler
     /tmp/ccYVycRn.s:173    .text:00000000 DMA1_Stream0_IRQHandler
     /tmp/ccYVycRn.s:173    .text:00000000 DMA1_Stream1_IRQHandler
     /tmp/ccYVycRn.s:173    .text:00000000 DMA1_Stream2_IRQHandler
     /tmp/ccYVycRn.s:173    .text:00000000 DMA1_Stream3_IRQHandler
     /tmp/ccYVycRn.s:173    .text:00000000 DMA1_Stream4_IRQHandler
     /tmp/ccYVycRn.s:173    .text:00000000 DMA1_Stream5_IRQHandler
     /tmp/ccYVycRn.s:173    .text:00000000 DMA1_Stream6_IRQHandler
     /tmp/ccYVycRn.s:173    .text:00000000 ADC_IRQHandler
     /tmp/ccYVycRn.s:173    .text:00000000 CAN1_TX_IRQHandler
     /tmp/ccYVycRn.s:173    .text:00000000 CAN1_RX0_IRQHandler
     /tmp/ccYVycRn.s:173    .text:00000000 CAN1_RX1_IRQHandler
     /tmp/ccYVycRn.s:173    .text:00000000 CAN1_SCE_IRQHandler
     /tmp/ccYVycRn.s:173    .text:00000000 EXTI9_5_IRQHandler
     /tmp/ccYVycRn.s:173    .text:00000000 TIM1_BRK_TIM9_IRQHandler
     /tmp/ccYVycRn.s:173    .text:00000000 TIM1_UP_TIM10_IRQHandler
     /tmp/ccYVycRn.s:173    .text:00000000 TIM1_TRG_COM_TIM11_IRQHandler
     /tmp/ccYVycRn.s:173    .text:00000000 TIM1_CC_IRQHandler
     /tmp/ccYVycRn.s:173    .text:00000000 TIM2_IRQHandler
     /tmp/ccYVycRn.s:173    .text:00000000 TIM3_IRQHandler
     /tmp/ccYVycRn.s:173    .text:00000000 TIM4_IRQHandler
     /tmp/ccYVycRn.s:173    .text:00000000 I2C1_EV_IRQHandler
     /tmp/ccYVycRn.s:173    .text:00000000 I2C1_ER_IRQHandler
     /tmp/ccYVycRn.s:173    .text:00000000 I2C2_EV_IRQHandler
     /tmp/ccYVycRn.s:173    .text:00000000 I2C2_ER_IRQHandler
     /tmp/ccYVycRn.s:173    .text:00000000 SPI1_IRQHandler
     /tmp/ccYVycRn.s:173    .text:00000000 SPI2_IRQHandler
     /tmp/ccYVycRn.s:173    .text:00000000 USART1_IRQHandler
     /tmp/ccYVycRn.s:173    .text:00000000 USART2_IRQHandler
     /tmp/ccYVycRn.s:173    .text:00000000 USART3_IRQHandler
     /tmp/ccYVycRn.s:173    .text:00000000 EXTI15_10_IRQHandler
     /tmp/ccYVycRn.s:173    .text:00000000 RTC_Alarm_IRQHandler
     /tmp/ccYVycRn.s:173    .text:00000000 OTG_FS_WKUP_IRQHandler
     /tmp/ccYVycRn.s:173    .text:00000000 TIM8_BRK_TIM12_IRQHandler
     /tmp/ccYVycRn.s:173    .text:00000000 TIM8_UP_TIM13_IRQHandler
     /tmp/ccYVycRn.s:173    .text:00000000 TIM8_TRG_COM_TIM14_IRQHandler
     /tmp/ccYVycRn.s:173    .text:00000000 TIM8_CC_IRQHandler
     /tmp/ccYVycRn.s:173    .text:00000000 DMA1_Stream7_IRQHandler
     /tmp/ccYVycRn.s:173    .text:00000000 FSMC_IRQHandler
     /tmp/ccYVycRn.s:173    .text:00000000 SDIO_IRQHandler
     /tmp/ccYVycRn.s:173    .text:00000000 TIM5_IRQHandler
     /tmp/ccYVycRn.s:173    .text:00000000 SPI3_IRQHandler
     /tmp/ccYVycRn.s:173    .text:00000000 UART4_IRQHandler
     /tmp/ccYVycRn.s:173    .text:00000000 UART5_IRQHandler
     /tmp/ccYVycRn.s:173    .text:00000000 TIM6_DAC_IRQHandler
     /tmp/ccYVycRn.s:173    .text:00000000 TIM7_IRQHandler
     /tmp/ccYVycRn.s:173    .text:00000000 DMA2_Stream0_IRQHandler
     /tmp/ccYVycRn.s:173    .text:00000000 DMA2_Stream1_IRQHandler
     /tmp/ccYVycRn.s:173    .text:00000000 DMA2_Stream2_IRQHandler
     /tmp/ccYVycRn.s:173    .text:00000000 DMA2_Stream3_IRQHandler
     /tmp/ccYVycRn.s:173    .text:00000000 DMA2_Stream4_IRQHandler
     /tmp/ccYVycRn.s:173    .text:00000000 ETH_IRQHandler
     /tmp/ccYVycRn.s:173    .text:00000000 ETH_WKUP_IRQHandler
     /tmp/ccYVycRn.s:173    .text:00000000 CAN2_TX_IRQHandler
     /tmp/ccYVycRn.s:173    .text:00000000 CAN2_RX0_IRQHandler
     /tmp/ccYVycRn.s:173    .text:00000000 CAN2_RX1_IRQHandler
     /tmp/ccYVycRn.s:173    .text:00000000 CAN2_SCE_IRQHandler
     /tmp/ccYVycRn.s:173    .text:00000000 OTG_FS_IRQHandler
     /tmp/ccYVycRn.s:173    .text:00000000 DMA2_Stream5_IRQHandler
     /tmp/ccYVycRn.s:173    .text:00000000 DMA2_Stream6_IRQHandler
     /tmp/ccYVycRn.s:173    .text:00000000 DMA2_Stream7_IRQHandler
     /tmp/ccYVycRn.s:173    .text:00000000 USART6_IRQHandler
     /tmp/ccYVycRn.s:173    .text:00000000 I2C3_EV_IRQHandler
     /tmp/ccYVycRn.s:173    .text:00000000 I2C3_ER_IRQHandler
     /tmp/ccYVycRn.s:173    .text:00000000 OTG_HS_EP1_OUT_IRQHandler
     /tmp/ccYVycRn.s:173    .text:00000000 OTG_HS_EP1_IN_IRQHandler
     /tmp/ccYVycRn.s:173    .text:00000000 OTG_HS_WKUP_IRQHandler
     /tmp/ccYVycRn.s:173    .text:00000000 OTG_HS_IRQHandler
     /tmp/ccYVycRn.s:173    .text:00000000 DCMI_IRQHandler
     /tmp/ccYVycRn.s:173    .text:00000000 CRYP_IRQHandler
     /tmp/ccYVycRn.s:173    .text:00000000 HASH_RNG_IRQHandler
     /tmp/ccYVycRn.s:173    .text:00000000 FPU_IRQHandler
     /tmp/ccYVycRn.s:168    .text:00000000 $t
     /tmp/ccYVycRn.s:173    .text:00000000 Dummy_Handler
                     .debug_frame:00000010 $d

UNDEFINED SYMBOLS
_stack_start
Reset_Handler
